#
# There is insufficient memory for the Java Runtime Environment to continue.
# Native memory allocation (malloc) failed to allocate 32744 bytes for ChunkPool::allocate
# Possible reasons:
#   The system is out of physical RAM or swap space
#   In 32 bit mode, the process size limit was hit
# Possible solutions:
#   Reduce memory load on the system
#   Increase physical memory or swap space
#   Check if swap backing store is full
#   Use 64 bit Java on a 64 bit OS
#   Decrease Java heap size (-Xmx/-Xms)
#   Decrease number of Java threads
#   Decrease Java thread stack sizes (-Xss)
#   Set larger code cache with -XX:ReservedCodeCacheSize=
# This output file may be truncated or incomplete.
#
#  Out of Memory Error (allocation.cpp:273), pid=5876, tid=2264
#
# JRE version: Java(TM) SE Runtime Environment (8.0_77-b03) (build 1.8.0_77-b03)
# Java VM: Java HotSpot(TM) 64-Bit Server VM (25.77-b03 mixed mode windows-amd64 compressed oops)
# Failed to write core dump. Minidumps are not enabled by default on client versions of Windows
#

---------------  T H R E A D  ---------------

Current thread (0x0000000016178800):  JavaThread "C1 CompilerThread2" daemon [_thread_in_native, id=2264, stack(0x0000000016570000,0x0000000016670000)]

Stack: [0x0000000016570000,0x0000000016670000]
[error occurred during error reporting (printing stack bounds), id 0xc0000005]

Native frames: (J=compiled Java code, j=interpreted, Vv=VM code, C=native code)


Current CompileTask:
C1:    474   44  s!   3       sun.misc.URLClassPath::getLoader (197 bytes)


---------------  P R O C E S S  ---------------

Java Threads: ( => current thread )
  0x000000001617a000 JavaThread "Service Thread" daemon [_thread_blocked, id=1632, stack(0x0000000016670000,0x0000000016770000)]
=>0x0000000016178800 JavaThread "C1 CompilerThread2" daemon [_thread_in_native, id=2264, stack(0x0000000016570000,0x0000000016670000)]
  0x000000001492d000 JavaThread "C2 CompilerThread1" daemon [_thread_blocked, id=5840, stack(0x0000000016070000,0x0000000016170000)]
  0x000000001492a000 JavaThread "C2 CompilerThread0" daemon [_thread_blocked, id=880, stack(0x0000000015f70000,0x0000000016070000)]
  0x0000000014928000 JavaThread "Attach Listener" daemon [_thread_blocked, id=2588, stack(0x0000000015e70000,0x0000000015f70000)]
  0x0000000014937000 JavaThread "Signal Dispatcher" daemon [_thread_blocked, id=1324, stack(0x0000000015d70000,0x0000000015e70000)]
  0x000000001491a800 JavaThread "Finalizer" daemon [_thread_blocked, id=5744, stack(0x0000000015b80000,0x0000000015c80000)]
  0x000000000222f000 JavaThread "Reference Handler" daemon [_thread_blocked, id=3480, stack(0x0000000015a80000,0x0000000015b80000)]
  0x0000000002140800 JavaThread "main" [_thread_in_vm, id=6032, stack(0x0000000002040000,0x0000000002140000)]

Other Threads:
  0x00000000148f8000 VMThread [stack: 0x0000000015980000,0x0000000015a80000] [id=3984]
  0x0000000016182800 WatcherThread [stack: 0x0000000016770000,0x0000000016870000] [id=6028]

VM state:not at safepoint (normal execution)

VM Mutex/Monitor currently owned by a thread: None

Heap:
 PSYoungGen      total 38400K, used 2013K [0x00000000eab00000, 0x00000000ed580000, 0x0000000100000000)
  eden space 33280K, 6% used [0x00000000eab00000,0x00000000eacf7670,0x00000000ecb80000)
  from space 5120K, 0% used [0x00000000ed080000,0x00000000ed080000,0x00000000ed580000)
  to   space 5120K, 0% used [0x00000000ecb80000,0x00000000ecb80000,0x00000000ed080000)
 ParOldGen       total 87552K, used 0K [0x00000000c0000000, 0x00000000c5580000, 0x00000000eab00000)
  object space 87552K, 0% used [0x00000000c0000000,0x00000000c0000000,0x00000000c5580000)
 Metaspace       used 2964K, capacity 4656K, committed 4864K, reserved 1056768K
  class space    used 323K, capacity 424K, committed 512K, reserved 1048576K

Card table byte_map: [0x0000000011600000,0x0000000011810000] byte_map_base: 0x0000000011000000

Marking Bits: (ParMarkBitMap*) 0x0000000060420600
 Begin Bits: [0x0000000011d70000, 0x0000000012d70000)
 End Bits:   [0x0000000012d70000, 0x0000000013d70000)

Polling page: 0x00000000007a0000

CodeCache: size=245760Kb used=1120Kb max_used=1120Kb free=244639Kb
 bounds [0x0000000002240000, 0x00000000024b0000, 0x0000000011240000]
 total_blobs=277 nmethods=42 adapters=148
 compilation: enabled

Compilation events (10 events):
Event: 0.457 Thread 0x0000000016178800 nmethod 37 0x0000000002356b50 code [0x0000000002356d20, 0x0000000002357218]
Event: 0.464 Thread 0x0000000016178800   38       3       java.util.concurrent.ConcurrentHashMap::setTabAt (19 bytes)
Event: 0.465 Thread 0x0000000016178800 nmethod 38 0x0000000002357850 code [0x00000000023579a0, 0x0000000002357b10]
Event: 0.466 Thread 0x0000000016178800   40       3       java.lang.StringBuilder::append (8 bytes)
Event: 0.466 Thread 0x0000000016178800 nmethod 40 0x0000000002357b90 code [0x0000000002357d00, 0x0000000002357e88]
Event: 0.467 Thread 0x0000000016178800   41       1       java.net.URL::getHost (5 bytes)
Event: 0.468 Thread 0x0000000016178800 nmethod 41 0x0000000002357f10 code [0x0000000002358060, 0x0000000002358170]
Event: 0.468 Thread 0x0000000016178800   42       1       java.net.URL::getProtocol (5 bytes)
Event: 0.468 Thread 0x0000000016178800 nmethod 42 0x00000000023581d0 code [0x0000000002358320, 0x0000000002358430]
Event: 0.471 Thread 0x0000000016178800   44  s!   3       sun.misc.URLClassPath::getLoader (197 bytes)

GC Heap History (0 events):
No events

Deoptimization events (0 events):
No events

Internal exceptions (2 events):
Event: 0.098 Thread 0x0000000002140800 Exception <a 'java/lang/NoSuchMethodError': Method sun.misc.Unsafe.defineClass(Ljava/lang/String;[BII)Ljava/lang/Class; name or signature does not match> (0x00000000eab07cc0) thrown at [D:\re\workspace\8-2-build-windows-amd64-cygwin\jdk8u77\6540\hotspot\srìñ¦ ‹¹?
Event: 0.098 Thread 0x0000000002140800 Exception <a 'java/lang/NoSuchMethodError': Method sun.misc.Unsafe.prefetchRead(Ljava/lang/Object;J)V name or signature does not match> (0x00000000eab07fa8) thrown at [D:\re\workspace\8-2-build-windows-amd64-cygwin\jdk8u77\6540\hotspot\src\share\vm\prims\j

Events (10 events):
Event: 0.468 loading class com/android/dx/command/DxConsole
Event: 0.468 loading class com/android/dx/command/DxConsole done
Event: 0.468 loading class com/android/dx/command/DxConsole$1
Event: 0.468 loading class com/android/dx/command/DxConsole$1 done
Event: 0.469 loading class com/android/dx/dex/DexOptions
Event: 0.469 loading class com/android/dx/dex/DexOptions done
Event: 0.471 loading class com/android/dx/dex/file/DexFile
Event: 0.471 loading class com/android/dx/dex/file/DexFile done
Event: 0.473 loading class com/android/dx/rop/cst/Constant
Event: 0.473 loading class com/android/dx/rop/cst/Constant done


Dynamic libraries:
0x00007ff7a9df0000 - 0x00007ff7a9e27000 	C:\Program Files\Java\jdk1.8.0_77\bin\java.exe
0x00007ffd56840000 - 0x00007ffd56a02000 	C:\Windows\SYSTEM32\ntdll.dll
0x00007ffd54a90000 - 0x00007ffd54b3d000 	C:\Windows\system32\KERNEL32.DLL
0x00007ffd53700000 - 0x00007ffd538dd000 	C:\Windows\system32\KERNELBASE.dll
0x00007ffd55080000 - 0x00007ffd55126000 	C:\Windows\system32\ADVAPI32.dll
0x00007ffd54880000 - 0x00007ffd5491d000 	C:\Windows\system32\msvcrt.dll
0x00007ffd567a0000 - 0x00007ffd567fb000 	C:\Windows\system32\sechost.dll
0x00007ffd53f10000 - 0x00007ffd54036000 	C:\Windows\system32\RPCRT4.dll
0x00007ffd54bb0000 - 0x00007ffd54cfe000 	C:\Windows\system32\USER32.dll
0x00007ffd54040000 - 0x00007ffd541c5000 	C:\Windows\system32\GDI32.dll
0x00007ffd501f0000 - 0x00007ffd50464000 	C:\Windows\WinSxS\amd64_microsoft.windows.common-controls_6595b64144ccf1df_6.0.10240.16384_none_f41f7b285750ef43\COMCTL32.dll
0x00007ffd56800000 - 0x00007ffd56836000 	C:\Windows\system32\IMM32.DLL
0x00007ffd54650000 - 0x00007ffd547ac000 	C:\Windows\system32\MSCTF.dll
0x0000000061fc0000 - 0x0000000062092000 	C:\Program Files\Java\jdk1.8.0_77\jre\bin\msvcr100.dll
0x000000005fc10000 - 0x00000000604a0000 	C:\Program Files\Java\jdk1.8.0_77\jre\bin\server\jvm.dll
0x00007ffd56790000 - 0x00007ffd56798000 	C:\Windows\system32\PSAPI.DLL
0x00007ffd4cf00000 - 0x00007ffd4cf09000 	C:\Windows\SYSTEM32\WSOCK32.dll
0x00007ffd55130000 - 0x00007ffd55199000 	C:\Windows\system32\WS2_32.dll
0x00007ffd547b0000 - 0x00007ffd547b8000 	C:\Windows\system32\NSI.dll
0x00007ffd514f0000 - 0x00007ffd51513000 	C:\Windows\SYSTEM32\WINMM.dll
0x00007ffd50510000 - 0x00007ffd5051a000 	C:\Windows\SYSTEM32\VERSION.dll
0x00007ffd51390000 - 0x00007ffd513bc000 	C:\Windows\SYSTEM32\WINMMBASE.dll
0x00007ffd536b0000 - 0x00007ffd536f4000 	C:\Windows\system32\cfgmgr32.dll
0x00007ffd51be0000 - 0x00007ffd51c07000 	C:\Windows\SYSTEM32\DEVOBJ.dll
0x0000000061fb0000 - 0x0000000061fbf000 	C:\Program Files\Java\jdk1.8.0_77\jre\bin\verify.dll
0x0000000061f80000 - 0x0000000061fa9000 	C:\Program Files\Java\jdk1.8.0_77\jre\bin\java.dll
0x0000000061f60000 - 0x0000000061f76000 	C:\Program Files\Java\jdk1.8.0_77\jre\bin\zip.dll
0x00007ffd551a0000 - 0x00007ffd566c3000 	C:\Windows\system32\SHELL32.dll
0x00007ffd538e0000 - 0x00007ffd53f09000 	C:\Windows\system32\windows.storage.dll
0x00007ffd541d0000 - 0x00007ffd5444c000 	C:\Windows\system32\combase.dll
0x00007ffd547c0000 - 0x00007ffd54811000 	C:\Windows\system32\shlwapi.dll
0x00007ffd53270000 - 0x00007ffd5327f000 	C:\Windows\system32\kernel.appcore.dll
0x00007ffd533c0000 - 0x00007ffd53473000 	C:\Windows\system32\shcore.dll
0x00007ffd532c0000 - 0x00007ffd5330a000 	C:\Windows\system32\powrprof.dll
0x00007ffd532a0000 - 0x00007ffd532b3000 	C:\Windows\system32\profapi.dll

VM Arguments:
jvm_args: -Djava.awt.headless=true -Xmx1024M -Dfile.encoding=windows-1251 -Duser.country=RU -Duser.language=ru -Duser.variant 
java_command: com.android.dx.command.Main --dex --num-threads=4 --output C:\Users\Admin\Desktop\proekti_android_rabochay_papka\Random\Random\app\build\intermediates\pre-dexed\debug\com.android.support-animated-vector-drawable-23.4.0_83f436afcb0cf15b749bd9e3a4f70d30e7701852.jar C:\Users\Admin\Desktop\proekti_android_rabochay_papka\Random\Random\app\build\intermediates\exploded-aar\com.android.support\animated-vector-drawable\23.4.0\jars\classes.jar
java_class_path (initial): C:\Users\Admin\Desktop\kod\sdk\build-tools\23.0.3\lib\dx.jar
Launcher Type: SUN_STANDARD

Environment Variables:
JAVA_HOME=C:\Program Files\Java\jdk1.7.0_79
PATH=C:\ProgramData\Oracle\Java\javapath;C:\Windows\system32;C:\Windows;C:\Windows\System32\Wbem;C:\Windows\System32\WindowsPowerShell\v1.0\;C:\Program Files (x86)\Skype\Phone\;C:\Program Files (x86)\NVIDIA Corporation\PhysX\Common
USERNAME=Admin
OS=Windows_NT
PROCESSOR_IDENTIFIER=Intel64 Family 6 Model 61 Stepping 4, GenuineIntel



---------------  S Y S T E M  ---------------

OS: Windows 10.0 , 64 bit Build 10240 (10.0.10240.16384)

CPU:total 4 (2 cores per cpu, 2 threads per core) family 6 model 61 stepping 4, cmov, cx8, fxsr, mmx, sse, sse2, sse3, ssse3, sse4.1, sse4.2, popcnt, avx, avx2, aes, clmul, erms, 3dnowpref, lzcnt, ht, tsc, tscinvbit, bmi1, bmi2, adx

Memory: 4k page, physical 8297972k(2072816k free), swap 8297972k(4088k free)

vm_info: Java HotSpot(TM) 64-Bit Server VM (25.77-b03) for windows-amd64 JRE (1.8.0_77-b03), built on Mar 20 2016 22:01:33 by "java_re" with MS VC++ 10.0 (VS2010)

time: Sun Aug 14 20:27:50 2016
elapsed time: 0 seconds (0d 0h 0m 0s)

