#
# There is insufficient memory for the Java Runtime Environment to continue.
# Native memory allocation (malloc) failed to allocate 389376 bytes for Chunk::new
# Possible reasons:
#   The system is out of physical RAM or swap space
#   In 32 bit mode, the process size limit was hit
# Possible solutions:
#   Reduce memory load on the system
#   Increase physical memory or swap space
#   Check if swap backing store is full
#   Use 64 bit Java on a 64 bit OS
#   Decrease Java heap size (-Xmx/-Xms)
#   Decrease number of Java threads
#   Decrease Java thread stack sizes (-Xss)
#   Set larger code cache with -XX:ReservedCodeCacheSize=
# This output file may be truncated or incomplete.
#
#  Out of Memory Error (allocation.cpp:390), pid=3316, tid=8020
#
# JRE version: Java(TM) SE Runtime Environment (8.0_77-b03) (build 1.8.0_77-b03)
# Java VM: Java HotSpot(TM) 64-Bit Server VM (25.77-b03 mixed mode windows-amd64 compressed oops)
# Failed to write core dump. Minidumps are not enabled by default on client versions of Windows
#

---------------  T H R E A D  ---------------

Current thread (0x00000000156ad000):  JavaThread "C2 CompilerThread1" daemon [_thread_in_native, id=8020, stack(0x0000000016df0000,0x0000000016ef0000)]

Stack: [0x0000000016df0000,0x0000000016ef0000]
[error occurred during error reporting (printing stack bounds), id 0xc0000005]

Native frames: (J=compiled Java code, j=interpreted, Vv=VM code, C=native code)


Current CompileTask:
C2:   3789 1218       4       com.android.dx.ssa.back.LivenessAnalyzer::run (231 bytes)


---------------  P R O C E S S  ---------------

Java Threads: ( => current thread )
  0x000000001728c800 JavaThread "pool-1-thread-4" [_thread_in_Java, id=6756, stack(0x00000000179f0000,0x0000000017af0000)]
  0x000000001728b800 JavaThread "pool-1-thread-3" [_thread_in_Java, id=4088, stack(0x00000000178f0000,0x00000000179f0000)]
  0x000000001728b000 JavaThread "pool-1-thread-2" [_thread_in_vm, id=3648, stack(0x00000000177f0000,0x00000000178f0000)]
  0x0000000017287000 JavaThread "pool-2-thread-1" [_thread_blocked, id=5172, stack(0x00000000176f0000,0x00000000177f0000)]
  0x0000000017286800 JavaThread "pool-1-thread-1" [_thread_in_Java, id=3984, stack(0x00000000175f0000,0x00000000176f0000)]
  0x000000001570d000 JavaThread "Service Thread" daemon [_thread_blocked, id=7828, stack(0x00000000173f0000,0x00000000174f0000)]
  0x000000001570a800 JavaThread "C1 CompilerThread2" daemon [_thread_blocked, id=7656, stack(0x0000000016ef0000,0x0000000016ff0000)]
=>0x00000000156ad000 JavaThread "C2 CompilerThread1" daemon [_thread_in_native, id=8020, stack(0x0000000016df0000,0x0000000016ef0000)]
  0x00000000156aa000 JavaThread "C2 CompilerThread0" daemon [_thread_blocked, id=3620, stack(0x0000000016cf0000,0x0000000016df0000)]
  0x00000000156a8000 JavaThread "Attach Listener" daemon [_thread_blocked, id=7424, stack(0x0000000016bf0000,0x0000000016cf0000)]
  0x00000000156b7000 JavaThread "Signal Dispatcher" daemon [_thread_blocked, id=2472, stack(0x0000000016af0000,0x0000000016bf0000)]
  0x000000001569a800 JavaThread "Finalizer" daemon [_thread_blocked, id=4768, stack(0x0000000016900000,0x0000000016a00000)]
  0x0000000002fcf000 JavaThread "Reference Handler" daemon [_thread_blocked, id=1680, stack(0x0000000016800000,0x0000000016900000)]
  0x0000000002ee0800 JavaThread "main" [_thread_in_Java, id=1644, stack(0x0000000002ce0000,0x0000000002de0000)]

Other Threads:
  0x0000000015678000 VMThread [stack: 0x0000000016700000,0x0000000016800000] [id=8008]
  0x0000000016ffa800 WatcherThread [stack: 0x00000000174f0000,0x00000000175f0000] [id=7408]

VM state:not at safepoint (normal execution)

VM Mutex/Monitor currently owned by a thread: None

Heap:
 PSYoungGen      total 38400K, used 31547K [0x00000000eab00000, 0x00000000ed580000, 0x0000000100000000)
  eden space 33280K, 94% used [0x00000000eab00000,0x00000000ec9ced80,0x00000000ecb80000)
  from space 5120K, 0% used [0x00000000ed080000,0x00000000ed080000,0x00000000ed580000)
  to   space 5120K, 0% used [0x00000000ecb80000,0x00000000ecb80000,0x00000000ed080000)
 ParOldGen       total 87552K, used 0K [0x00000000c0000000, 0x00000000c5580000, 0x00000000eab00000)
  object space 87552K, 0% used [0x00000000c0000000,0x00000000c0000000,0x00000000c5580000)
 Metaspace       used 5962K, capacity 6898K, committed 7040K, reserved 1056768K
  class space    used 597K, capacity 618K, committed 640K, reserved 1048576K

Card table byte_map: [0x00000000123a0000,0x00000000125b0000] byte_map_base: 0x0000000011da0000

Marking Bits: (ParMarkBitMap*) 0x0000000068f00600
 Begin Bits: [0x0000000012b10000, 0x0000000013b10000)
 End Bits:   [0x0000000013b10000, 0x0000000014b10000)

Polling page: 0x0000000002bc0000

CodeCache: size=245760Kb used=4861Kb max_used=4872Kb free=240898Kb
 bounds [0x0000000002fe0000, 0x00000000034b0000, 0x0000000011fe0000]
 total_blobs=1486 nmethods=1217 adapters=182
 compilation: enabled

Compilation events (10 events):
Event: 3.753 Thread 0x00000000156ad000 1214       4       java.util.HashMap::putVal (300 bytes)
Event: 3.765 Thread 0x00000000156ad000 nmethod 1214 0x00000000034a18d0 code [0x00000000034a1a80, 0x00000000034a2288]
Event: 3.766 Thread 0x000000001570a800 1215       3       com.android.dx.ssa.SCCP::<init> (142 bytes)
Event: 3.766 Thread 0x00000000156aa000 nmethod 1213 0x00000000034a2850 code [0x00000000034a2a00, 0x00000000034a3228]
Event: 3.767 Thread 0x000000001570a800 nmethod 1215 0x000000000349fc50 code [0x000000000349fec0, 0x00000000034a0fe8]
Event: 3.767 Thread 0x000000001570a800 1216       3       com.android.dx.ssa.back.InterferenceGraph::<init> (42 bytes)
Event: 3.768 Thread 0x000000001570a800 nmethod 1216 0x000000000349e910 code [0x000000000349eb20, 0x000000000349f5e8]
Event: 3.768 Thread 0x00000000156aa000 1217       4       java.util.Collections$UnmodifiableCollection::iterator (9 bytes)
Event: 3.773 Thread 0x00000000156aa000 nmethod 1217 0x0000000003496bd0 code [0x0000000003496d40, 0x0000000003496ff8]
Event: 3.774 Thread 0x00000000156ad000 1218       4       com.android.dx.ssa.back.LivenessAnalyzer::run (231 bytes)

GC Heap History (0 events):
No events

Deoptimization events (1 events):
Event: 3.593 Thread 0x000000001728b000 Uncommon trap: reason=unstable_if action=reinterpret pc=0x000000000331f49c method=com.android.dx.rop.cst.Constant.compareTo(Lcom/android/dx/rop/cst/Constant;)I @ 12

Internal exceptions (2 events):
Event: 0.808 Thread 0x0000000002ee0800 Exception <a 'java/lang/NoSuchMethodError': Method sun.misc.Unsafe.defineClass(Ljava/lang/String;[BII)Ljava/lang/Class; name or signature does not match> (0x00000000eab07cc0) thrown at [D:\re\workspace\8-2-build-windows-amd64-cygwin\jdk8u77\6540\hotspot\srùÚiÏ÷ŸÈ?
Event: 0.808 Thread 0x0000000002ee0800 Exception <a 'java/lang/NoSuchMethodError': Method sun.misc.Unsafe.prefetchRead(Ljava/lang/Object;J)V name or signature does not match> (0x00000000eab07fa8) thrown at [D:\re\workspace\8-2-build-windows-amd64-cygwin\jdk8u77\6540\hotspot\src\share\vm\prims\j

Events (10 events):
Event: 3.590 loading class java/util/DualPivotQuicksort done
Event: 3.593 Thread 0x000000001728b000 Uncommon trap: trap_request=0xffffff65 fr.pc=0x000000000331f49c
Event: 3.593 Thread 0x000000001728b000 DEOPT PACKING pc=0x000000000331f49c sp=0x00000000178ee9c0
Event: 3.593 Thread 0x000000001728b000 DEOPT UNPACKING pc=0x000000000302582a sp=0x00000000178ee960 mode 2
Event: 3.624 loading class java/util/TreeMap$EntrySet
Event: 3.624 loading class java/util/TreeMap$EntrySet done
Event: 3.624 loading class java/util/TreeMap$EntryIterator
Event: 3.624 loading class java/util/TreeMap$EntryIterator done
Event: 3.624 Executing VM operation: Deoptimize
Event: 3.624 Executing VM operation: Deoptimize done


Dynamic libraries:
0x00007ff7f2460000 - 0x00007ff7f2497000 	C:\Program Files\Java\jdk1.8.0_77\bin\java.exe
0x00007ffbdd9c0000 - 0x00007ffbddb82000 	C:\Windows\SYSTEM32\ntdll.dll
0x00007ffbdd410000 - 0x00007ffbdd4bd000 	C:\Windows\system32\KERNEL32.DLL
0x00007ffbdaeb0000 - 0x00007ffbdb08d000 	C:\Windows\system32\KERNELBASE.dll
0x00007ffbdd500000 - 0x00007ffbdd5a6000 	C:\Windows\system32\ADVAPI32.dll
0x00007ffbdd5c0000 - 0x00007ffbdd65d000 	C:\Windows\system32\msvcrt.dll
0x00007ffbdcd50000 - 0x00007ffbdcdab000 	C:\Windows\system32\sechost.dll
0x00007ffbdb250000 - 0x00007ffbdb376000 	C:\Windows\system32\RPCRT4.dll
0x00007ffbdd170000 - 0x00007ffbdd2be000 	C:\Windows\system32\USER32.dll
0x00007ffbdd660000 - 0x00007ffbdd7e5000 	C:\Windows\system32\GDI32.dll
0x00007ffbd7380000 - 0x00007ffbd75f4000 	C:\Windows\WinSxS\amd64_microsoft.windows.common-controls_6595b64144ccf1df_6.0.10240.16384_none_f41f7b285750ef43\COMCTL32.dll
0x00007ffbdd4c0000 - 0x00007ffbdd4f6000 	C:\Windows\system32\IMM32.DLL
0x00007ffbdc970000 - 0x00007ffbdcacc000 	C:\Windows\system32\MSCTF.dll
0x000000006a410000 - 0x000000006a4e2000 	C:\Program Files\Java\jdk1.8.0_77\jre\bin\msvcr100.dll
0x00000000686f0000 - 0x0000000068f80000 	C:\Program Files\Java\jdk1.8.0_77\jre\bin\server\jvm.dll
0x00007ffbdb1b0000 - 0x00007ffbdb1b8000 	C:\Windows\system32\PSAPI.DLL
0x00007ffbd3db0000 - 0x00007ffbd3db9000 	C:\Windows\SYSTEM32\WSOCK32.dll
0x00007ffbdd100000 - 0x00007ffbdd169000 	C:\Windows\system32\WS2_32.dll
0x00007ffbdd5b0000 - 0x00007ffbdd5b8000 	C:\Windows\system32\NSI.dll
0x00007ffbd8670000 - 0x00007ffbd8693000 	C:\Windows\SYSTEM32\WINMM.dll
0x00007ffbd7370000 - 0x00007ffbd737a000 	C:\Windows\SYSTEM32\VERSION.dll
0x00007ffbd8640000 - 0x00007ffbd866c000 	C:\Windows\SYSTEM32\WINMMBASE.dll
0x00007ffbdae60000 - 0x00007ffbdaea4000 	C:\Windows\system32\cfgmgr32.dll
0x00007ffbd8d60000 - 0x00007ffbd8d87000 	C:\Windows\SYSTEM32\DEVOBJ.dll
0x000000006a400000 - 0x000000006a40f000 	C:\Program Files\Java\jdk1.8.0_77\jre\bin\verify.dll
0x000000006a3d0000 - 0x000000006a3f9000 	C:\Program Files\Java\jdk1.8.0_77\jre\bin\java.dll
0x000000006a3b0000 - 0x000000006a3c6000 	C:\Program Files\Java\jdk1.8.0_77\jre\bin\zip.dll
0x00007ffbdb440000 - 0x00007ffbdc963000 	C:\Windows\system32\SHELL32.dll
0x00007ffbda830000 - 0x00007ffbdae59000 	C:\Windows\system32\windows.storage.dll
0x00007ffbdcad0000 - 0x00007ffbdcd4c000 	C:\Windows\system32\combase.dll
0x00007ffbdd040000 - 0x00007ffbdd091000 	C:\Windows\system32\shlwapi.dll
0x00007ffbda430000 - 0x00007ffbda43f000 	C:\Windows\system32\kernel.appcore.dll
0x00007ffbda770000 - 0x00007ffbda823000 	C:\Windows\system32\shcore.dll
0x00007ffbda440000 - 0x00007ffbda48a000 	C:\Windows\system32\powrprof.dll
0x00007ffbda410000 - 0x00007ffbda423000 	C:\Windows\system32\profapi.dll

VM Arguments:
jvm_args: -Djava.awt.headless=true -Xmx1024M -Dfile.encoding=windows-1251 -Duser.country=RU -Duser.language=ru -Duser.variant 
java_command: com.android.dx.command.Main --dex --num-threads=4 --output C:\Users\Admin\Desktop\proekti_android_rabochay_papka\Random\Random\app\build\intermediates\pre-dexed\debug\internal_impl-23.4.0_5534678448c782adbd52b7f6b00150ced8396f44.jar C:\Users\Admin\Desktop\proekti_android_rabochay_papka\Random\Random\app\build\intermediates\exploded-aar\com.android.support\support-v4\23.4.0\jars\libs\internal_impl-23.4.0.jar
java_class_path (initial): C:\Users\Admin\Desktop\kod\sdk\build-tools\23.0.3\lib\dx.jar
Launcher Type: SUN_STANDARD

Environment Variables:
JAVA_HOME=C:\Program Files\Java\jdk1.7.0_79
PATH=C:\ProgramData\Oracle\Java\javapath;C:\Windows\system32;C:\Windows;C:\Windows\System32\Wbem;C:\Windows\System32\WindowsPowerShell\v1.0\;C:\Program Files (x86)\Skype\Phone\;C:\Program Files (x86)\NVIDIA Corporation\PhysX\Common
USERNAME=Admin
OS=Windows_NT
PROCESSOR_IDENTIFIER=Intel64 Family 6 Model 61 Stepping 4, GenuineIntel



---------------  S Y S T E M  ---------------

OS: Windows 10.0 , 64 bit Build 10240 (10.0.10240.16384)

CPU:total 4 (2 cores per cpu, 2 threads per core) family 6 model 61 stepping 4, cmov, cx8, fxsr, mmx, sse, sse2, sse3, ssse3, sse4.1, sse4.2, popcnt, avx, avx2, aes, clmul, erms, 3dnowpref, lzcnt, ht, tsc, tscinvbit, bmi1, bmi2, adx

Memory: 4k page, physical 8297972k(1706940k free), swap 8297972k(5244k free)

vm_info: Java HotSpot(TM) 64-Bit Server VM (25.77-b03) for windows-amd64 JRE (1.8.0_77-b03), built on Mar 20 2016 22:01:33 by "java_re" with MS VC++ 10.0 (VS2010)

time: Sat Aug 13 20:57:01 2016
elapsed time: 3 seconds (0d 0h 0m 3s)

