#
# There is insufficient memory for the Java Runtime Environment to continue.
# Native memory allocation (malloc) failed to allocate 1876336 bytes for Chunk::new
# Possible reasons:
#   The system is out of physical RAM or swap space
#   In 32 bit mode, the process size limit was hit
# Possible solutions:
#   Reduce memory load on the system
#   Increase physical memory or swap space
#   Check if swap backing store is full
#   Use 64 bit Java on a 64 bit OS
#   Decrease Java heap size (-Xmx/-Xms)
#   Decrease number of Java threads
#   Decrease Java thread stack sizes (-Xss)
#   Set larger code cache with -XX:ReservedCodeCacheSize=
# This output file may be truncated or incomplete.
#
#  Out of Memory Error (allocation.cpp:390), pid=5980, tid=7420
#
# JRE version: Java(TM) SE Runtime Environment (8.0_77-b03) (build 1.8.0_77-b03)
# Java VM: Java HotSpot(TM) 64-Bit Server VM (25.77-b03 mixed mode windows-amd64 compressed oops)
# Failed to write core dump. Minidumps are not enabled by default on client versions of Windows
#

---------------  T H R E A D  ---------------

Current thread (0x0000000014aa8000):  JavaThread "C2 CompilerThread1" daemon [_thread_in_native, id=7420, stack(0x00000000161a0000,0x00000000162a0000)]

Stack: [0x00000000161a0000,0x00000000162a0000]
[error occurred during error reporting (printing stack bounds), id 0xc0000005]

Native frames: (J=compiled Java code, j=interpreted, Vv=VM code, C=native code)


Current CompileTask:
C2:  26357 2384   !   4       com.android.dx.cf.code.Ropper::processBlock (1101 bytes)


---------------  P R O C E S S  ---------------

Java Threads: ( => current thread )
  0x0000000016c0c800 JavaThread "pool-1-thread-4" [_thread_blocked, id=7244, stack(0x0000000018570000,0x0000000018670000)]
  0x0000000016614000 JavaThread "pool-1-thread-3" [_thread_blocked, id=8016, stack(0x0000000018470000,0x0000000018570000)]
  0x0000000016613000 JavaThread "pool-1-thread-2" [_thread_blocked, id=5596, stack(0x0000000018370000,0x0000000018470000)]
  0x0000000016d7d800 JavaThread "pool-2-thread-1" [_thread_blocked, id=5580, stack(0x0000000018270000,0x0000000018370000)]
  0x0000000016d7c000 JavaThread "pool-1-thread-1" [_thread_blocked, id=164, stack(0x0000000018170000,0x0000000018270000)]
  0x00000000163a5000 JavaThread "Service Thread" daemon [_thread_blocked, id=2600, stack(0x00000000167a0000,0x00000000168a0000)]
  0x0000000014aab000 JavaThread "C1 CompilerThread2" daemon [_thread_blocked, id=7796, stack(0x00000000162a0000,0x00000000163a0000)]
=>0x0000000014aa8000 JavaThread "C2 CompilerThread1" daemon [_thread_in_native, id=7420, stack(0x00000000161a0000,0x00000000162a0000)]
  0x0000000014a4a000 JavaThread "C2 CompilerThread0" daemon [_thread_in_native, id=7972, stack(0x00000000160a0000,0x00000000161a0000)]
  0x0000000014a48000 JavaThread "Attach Listener" daemon [_thread_blocked, id=7328, stack(0x0000000015fa0000,0x00000000160a0000)]
  0x0000000014a57000 JavaThread "Signal Dispatcher" daemon [_thread_blocked, id=7348, stack(0x0000000015ea0000,0x0000000015fa0000)]
  0x0000000014a3a800 JavaThread "Finalizer" daemon [_thread_blocked, id=5752, stack(0x0000000015cb0000,0x0000000015db0000)]
  0x000000000236f000 JavaThread "Reference Handler" daemon [_thread_blocked, id=4588, stack(0x0000000015bb0000,0x0000000015cb0000)]
  0x0000000002280800 JavaThread "main" [_thread_in_Java, id=5888, stack(0x0000000002130000,0x0000000002230000)]

Other Threads:
  0x0000000014a18000 VMThread [stack: 0x0000000015ab0000,0x0000000015bb0000] [id=8056]
  0x00000000163bb800 WatcherThread [stack: 0x00000000168a0000,0x00000000169a0000] [id=5540]

VM state:not at safepoint (normal execution)

VM Mutex/Monitor currently owned by a thread: None

Heap:
 PSYoungGen      total 190976K, used 5453K [0x00000000eab00000, 0x0000000100000000, 0x0000000100000000)
  eden space 116736K, 4% used [0x00000000eab00000,0x00000000eb0534c0,0x00000000f1d00000)
  from space 74240K, 0% used [0x00000000fb780000,0x00000000fb780000,0x0000000100000000)
  to   space 116224K, 0% used [0x00000000f1d00000,0x00000000f1d00000,0x00000000f8e80000)
 ParOldGen       total 343552K, used 125838K [0x00000000c0000000, 0x00000000d4f80000, 0x00000000eab00000)
  object space 343552K, 36% used [0x00000000c0000000,0x00000000c7ae3b10,0x00000000d4f80000)
 Metaspace       used 6509K, capacity 7256K, committed 7424K, reserved 1056768K
  class space    used 622K, capacity 656K, committed 768K, reserved 1048576K

Card table byte_map: [0x0000000011740000,0x0000000011950000] byte_map_base: 0x0000000011140000

Marking Bits: (ParMarkBitMap*) 0x0000000068f00600
 Begin Bits: [0x0000000011eb0000, 0x0000000012eb0000)
 End Bits:   [0x0000000012eb0000, 0x0000000013eb0000)

Polling page: 0x0000000000590000

CodeCache: size=245760Kb used=10214Kb max_used=11688Kb free=235546Kb
 bounds [0x0000000002380000, 0x0000000002f10000, 0x0000000011380000]
 total_blobs=2145 nmethods=1875 adapters=182
 compilation: enabled

Compilation events (10 events):
Event: 26.294 Thread 0x0000000014a4a000 nmethod 2389 0x00000000025050d0 code [0x0000000002505200, 0x00000000025052f8]
Event: 26.294 Thread 0x0000000014a4a000 2390   !   4       com.android.dx.rop.type.Prototype::putIntern (50 bytes)
Event: 26.327 Thread 0x0000000014a4a000 nmethod 2390 0x0000000002566dd0 code [0x0000000002566fc0, 0x0000000002568230]
Event: 26.327 Thread 0x0000000014a4a000 2394       4       com.android.dx.cf.code.Merger::mergeLocals (122 bytes)
Event: 26.333 Thread 0x0000000014aab000 2395       3       java.lang.Integer::valueOf (32 bytes)
Event: 26.333 Thread 0x0000000014aab000 nmethod 2395 0x000000000259bc90 code [0x000000000259be00, 0x000000000259c150]
Event: 26.334 Thread 0x0000000014aab000 2396       3       com.android.dx.ssa.ConstCollector::getConstsSortedByCountUse (386 bytes)
Event: 26.339 Thread 0x0000000014aab000 nmethod 2396 0x0000000002713650 code [0x0000000002713c20, 0x0000000002717f68]
Event: 26.347 Thread 0x0000000014aab000 2397       3       com.android.dx.ssa.back.IdenticalBlockCombiner::process (323 bytes)
Event: 26.349 Thread 0x0000000014aab000 nmethod 2397 0x000000000260dfd0 code [0x000000000260e360, 0x00000000026107d8]

GC Heap History (10 events):
Event: 21.276 GC heap before
{Heap before GC invocations=7 (full 2):
 PSYoungGen      total 138240K, used 133120K [0x00000000eab00000, 0x0000000100000000, 0x0000000100000000)
  eden space 133120K, 100% used [0x00000000eab00000,0x00000000f2d00000,0x00000000f2d00000)
  from space 5120K, 0% used [0x00000000f2d00000,0x00000000f2d00000,0x00000000f3200000)
  to   space 47616K, 0% used [0x00000000fd180000,0x00000000fd180000,0x0000000100000000)
 ParOldGen       total 87552K, used 72492K [0x00000000c0000000, 0x00000000c5580000, 0x00000000eab00000)
  object space 87552K, 82% used [0x00000000c0000000,0x00000000c46cb3b0,0x00000000c5580000)
 Metaspace       used 6499K, capacity 7192K, committed 7424K, reserved 1056768K
  class space    used 622K, capacity 656K, committed 768K, reserved 1048576K
Event: 22.437 GC heap after
Heap after GC invocations=7 (full 2):
 PSYoungGen      total 138240K, used 0K [0x00000000eab00000, 0x0000000100000000, 0x0000000100000000)
  eden space 133120K, 0% used [0x00000000eab00000,0x00000000eab00000,0x00000000f2d00000)
  from space 5120K, 0% used [0x00000000f2d00000,0x00000000f2d00000,0x00000000f3200000)
  to   space 47616K, 0% used [0x00000000fd180000,0x00000000fd180000,0x0000000100000000)
 ParOldGen       total 232448K, used 78916K [0x00000000c0000000, 0x00000000ce300000, 0x00000000eab00000)
  object space 232448K, 33% used [0x00000000c0000000,0x00000000c4d11288,0x00000000ce300000)
 Metaspace       used 6499K, capacity 7192K, committed 7424K, reserved 1056768K
  class space    used 622K, capacity 656K, committed 768K, reserved 1048576K
}
Event: 22.728 GC heap before
{Heap before GC invocations=8 (full 2):
 PSYoungGen      total 138240K, used 133120K [0x00000000eab00000, 0x0000000100000000, 0x0000000100000000)
  eden space 133120K, 100% used [0x00000000eab00000,0x00000000f2d00000,0x00000000f2d00000)
  from space 5120K, 0% used [0x00000000f2d00000,0x00000000f2d00000,0x00000000f3200000)
  to   space 47616K, 0% used [0x00000000fd180000,0x00000000fd180000,0x0000000100000000)
 ParOldGen       total 232448K, used 78916K [0x00000000c0000000, 0x00000000ce300000, 0x00000000eab00000)
  object space 232448K, 33% used [0x00000000c0000000,0x00000000c4d11288,0x00000000ce300000)
 Metaspace       used 6500K, capacity 7192K, committed 7424K, reserved 1056768K
  class space    used 622K, capacity 656K, committed 768K, reserved 1048576K
Event: 22.789 GC heap after
Heap after GC invocations=8 (full 2):
 PSYoungGen      total 196608K, used 47608K [0x00000000eab00000, 0x0000000100000000, 0x0000000100000000)
  eden space 148992K, 0% used [0x00000000eab00000,0x00000000eab00000,0x00000000f3c80000)
  from space 47616K, 99% used [0x00000000fd180000,0x00000000ffffe2e8,0x0000000100000000)
  to   space 74240K, 0% used [0x00000000f6f00000,0x00000000f6f00000,0x00000000fb780000)
 ParOldGen       total 232448K, used 105369K [0x00000000c0000000, 0x00000000ce300000, 0x00000000eab00000)
  object space 232448K, 45% used [0x00000000c0000000,0x00000000c66e6508,0x00000000ce300000)
 Metaspace       used 6500K, capacity 7192K, committed 7424K, reserved 1056768K
  class space    used 622K, capacity 656K, committed 768K, reserved 1048576K
}
Event: 23.003 GC heap before
{Heap before GC invocations=9 (full 2):
 PSYoungGen      total 196608K, used 196600K [0x00000000eab00000, 0x0000000100000000, 0x0000000100000000)
  eden space 148992K, 100% used [0x00000000eab00000,0x00000000f3c80000,0x00000000f3c80000)
  from space 47616K, 99% used [0x00000000fd180000,0x00000000ffffe2e8,0x0000000100000000)
  to   space 74240K, 0% used [0x00000000f6f00000,0x00000000f6f00000,0x00000000fb780000)
 ParOldGen       total 232448K, used 105369K [0x00000000c0000000, 0x00000000ce300000, 0x00000000eab00000)
  object space 232448K, 45% used [0x00000000c0000000,0x00000000c66e6508,0x00000000ce300000)
 Metaspace       used 6501K, capacity 7256K, committed 7424K, reserved 1056768K
  class space    used 622K, capacity 656K, committed 768K, reserved 1048576K
Event: 23.083 GC heap after
Heap after GC invocations=9 (full 2):
 PSYoungGen      total 274944K, used 74238K [0x00000000eab00000, 0x0000000100000000, 0x0000000100000000)
  eden space 200704K, 0% used [0x00000000eab00000,0x00000000eab00000,0x00000000f6f00000)
  from space 74240K, 99% used [0x00000000f6f00000,0x00000000fb77f818,0x00000000fb780000)
  to   space 74240K, 0% used [0x00000000fb780000,0x00000000fb780000,0x0000000100000000)
 ParOldGen       total 232448K, used 146928K [0x00000000c0000000, 0x00000000ce300000, 0x00000000eab00000)
  object space 232448K, 63% used [0x00000000c0000000,0x00000000c8f7c120,0x00000000ce300000)
 Metaspace       used 6501K, capacity 7256K, committed 7424K, reserved 1056768K
  class space    used 622K, capacity 656K, committed 768K, reserved 1048576K
}
Event: 23.793 GC heap before
{Heap before GC invocations=10 (full 2):
 PSYoungGen      total 274944K, used 274942K [0x00000000eab00000, 0x0000000100000000, 0x0000000100000000)
  eden space 200704K, 100% used [0x00000000eab00000,0x00000000f6f00000,0x00000000f6f00000)
  from space 74240K, 99% used [0x00000000f6f00000,0x00000000fb77f818,0x00000000fb780000)
  to   space 74240K, 0% used [0x00000000fb780000,0x00000000fb780000,0x0000000100000000)
 ParOldGen       total 232448K, used 146928K [0x00000000c0000000, 0x00000000ce300000, 0x00000000eab00000)
  object space 232448K, 63% used [0x00000000c0000000,0x00000000c8f7c120,0x00000000ce300000)
 Metaspace       used 6509K, capacity 7256K, committed 7424K, reserved 1056768K
  class space    used 622K, capacity 656K, committed 768K, reserved 1048576K
Event: 23.907 GC heap after
Heap after GC invocations=10 (full 2):
 PSYoungGen      total 190976K, used 74220K [0x00000000eab00000, 0x0000000100000000, 0x0000000100000000)
  eden space 116736K, 0% used [0x00000000eab00000,0x00000000eab00000,0x00000000f1d00000)
  from space 74240K, 99% used [0x00000000fb780000,0x00000000ffffb248,0x0000000100000000)
  to   space 116224K, 0% used [0x00000000f1d00000,0x00000000f1d00000,0x00000000f8e80000)
 ParOldGen       total 232448K, used 181759K [0x00000000c0000000, 0x00000000ce300000, 0x00000000eab00000)
  object space 232448K, 78% used [0x00000000c0000000,0x00000000cb17fcf8,0x00000000ce300000)
 Metaspace       used 6509K, capacity 7256K, committed 7424K, reserved 1056768K
  class space    used 622K, capacity 656K, committed 768K, reserved 1048576K
}
Event: 23.907 GC heap before
{Heap before GC invocations=11 (full 3):
 PSYoungGen      total 190976K, used 74220K [0x00000000eab00000, 0x0000000100000000, 0x0000000100000000)
  eden space 116736K, 0% used [0x00000000eab00000,0x00000000eab00000,0x00000000f1d00000)
  from space 74240K, 99% used [0x00000000fb780000,0x00000000ffffb248,0x0000000100000000)
  to   space 116224K, 0% used [0x00000000f1d00000,0x00000000f1d00000,0x00000000f8e80000)
 ParOldGen       total 232448K, used 181759K [0x00000000c0000000, 0x00000000ce300000, 0x00000000eab00000)
  object space 232448K, 78% used [0x00000000c0000000,0x00000000cb17fcf8,0x00000000ce300000)
 Metaspace       used 6509K, capacity 7256K, committed 7424K, reserved 1056768K
  class space    used 622K, capacity 656K, committed 768K, reserved 1048576K
Event: 26.092 GC heap after
Heap after GC invocations=11 (full 3):
 PSYoungGen      total 190976K, used 0K [0x00000000eab00000, 0x0000000100000000, 0x0000000100000000)
  eden space 116736K, 0% used [0x00000000eab00000,0x00000000eab00000,0x00000000f1d00000)
  from space 74240K, 0% used [0x00000000fb780000,0x00000000fb780000,0x0000000100000000)
  to   space 116224K, 0% used [0x00000000f1d00000,0x00000000f1d00000,0x00000000f8e80000)
 ParOldGen       total 343552K, used 125838K [0x00000000c0000000, 0x00000000d4f80000, 0x00000000eab00000)
  object space 343552K, 36% used [0x00000000c0000000,0x00000000c7ae3b10,0x00000000d4f80000)
 Metaspace       used 6509K, capacity 7256K, committed 7424K, reserved 1056768K
  class space    used 622K, capacity 656K, committed 768K, reserved 1048576K
}

Deoptimization events (10 events):
Event: 18.684 Thread 0x0000000002280800 Uncommon trap: reason=class_check action=maybe_recompile pc=0x0000000002b2ff44 method=com.android.dx.cf.code.BaseMachine.addResult(Lcom/android/dx/rop/type/TypeBearer;)V @ 23
Event: 18.687 Thread 0x0000000002280800 Uncommon trap: reason=class_check action=maybe_recompile pc=0x0000000002b2ff44 method=com.android.dx.cf.code.BaseMachine.addResult(Lcom/android/dx/rop/type/TypeBearer;)V @ 23
Event: 18.698 Thread 0x0000000002280800 Uncommon trap: reason=class_check action=maybe_recompile pc=0x0000000002b2ff44 method=com.android.dx.cf.code.BaseMachine.addResult(Lcom/android/dx/rop/type/TypeBearer;)V @ 23
Event: 20.288 Thread 0x0000000002280800 Uncommon trap: reason=class_check action=maybe_recompile pc=0x0000000002a2b800 method=com.android.dx.ssa.SCCP.simulateBranch(Lcom/android/dx/ssa/SsaInsn;)V @ 145
Event: 20.453 Thread 0x0000000002280800 Uncommon trap: reason=unstable_if action=reinterpret pc=0x0000000002932e64 method=com.android.dx.ssa.SCCP.simulateStmt(Lcom/android/dx/ssa/SsaInsn;)V @ 59
Event: 22.674 Thread 0x0000000002280800 Uncommon trap: reason=speculate_class_check action=maybe_recompile pc=0x0000000002e22cf0 method=com.android.dx.rop.cst.TypedConstant.getBasicType()I @ 1
Event: 22.839 Thread 0x0000000002280800 Uncommon trap: reason=unstable_if action=reinterpret pc=0x0000000002d3f43c method=com.android.dx.cf.code.Merger.mergeStack(Lcom/android/dx/cf/code/ExecutionStack;Lcom/android/dx/cf/code/ExecutionStack;)Lcom/android/dx/cf/code/ExecutionStack; @ 2
Event: 22.964 Thread 0x0000000002280800 Uncommon trap: reason=speculate_class_check action=maybe_recompile pc=0x0000000002e22cf0 method=com.android.dx.rop.cst.TypedConstant.getBasicType()I @ 1
Event: 26.313 Thread 0x0000000002280800 Uncommon trap: reason=unstable_if action=reinterpret pc=0x0000000002e708ac method=java.util.HashMap.putVal(ILjava/lang/Object;Ljava/lang/Object;ZZ)Ljava/lang/Object; @ 94
Event: 26.347 Thread 0x0000000002280800 Uncommon trap: reason=unstable_if action=reinterpret pc=0x0000000002e09c64 method=com.android.dx.ssa.back.IdenticalBlockCombiner.replaceSucc(Lcom/android/dx/rop/code/BasicBlock;II)V @ 30

Internal exceptions (5 events):
Event: 0.444 Thread 0x0000000002280800 Exception <a 'java/lang/NoSuchMethodError': Method sun.misc.Unsafe.defineClass(Ljava/lang/String;[BII)Ljava/lang/Class; name or signature does not match> (0x00000000eab07cc0) thrown at [D:\re\workspace\8-2-build-windows-amd64-cygwin\jdk8u77\6540\hotspot\srž2ôeÜ?
Event: 0.444 Thread 0x0000000002280800 Exception <a 'java/lang/NoSuchMethodError': Method sun.misc.Unsafe.prefetchRead(Ljava/lang/Object;J)V name or signature does not match> (0x00000000eab07fa8) thrown at [D:\re\workspace\8-2-build-windows-amd64-cygwin\jdk8u77\6540\hotspot\src\share\vm\prims\j«®JÉQ@
Event: 4.330 Thread 0x0000000016613000 Exception <a 'java/lang/ArrayIndexOutOfBoundsException': 18> (0x00000000ed4938a8) thrown at [D:\re\workspace\8-2-build-windows-amd64-cygwin\jdk8u77\6540\hotspot\src\share\vm\interpreter\interpreterRuntime.cpp, line 366]
Event: 4.330 Thread 0x0000000016613000 Exception <a 'java/lang/ArrayIndexOutOfBoundsException': 145> (0x00000000ed495428) thrown at [D:\re\workspace\8-2-build-windows-amd64-cygwin\jdk8u77\6540\hotspot\src\share\vm\interpreter\interpreterRuntime.cpp, line 366]
Event: 4.331 Thread 0x0000000016613000 Exception <a 'java/lang/ArrayIndexOutOfBoundsException'> (0x00000000ed496710) thrown at [D:\re\workspace\8-2-build-windows-amd64-cygwin\jdk8u77\6540\hotspot\src\share\vm\runtime\sharedRuntime.cpp, line 605]

Events (10 events):
Event: 26.347 Thread 0x0000000002280800 Uncommon trap: trap_request=0xffffff65 fr.pc=0x0000000002e09c64
Event: 26.347 Thread 0x0000000002280800 DEOPT PACKING pc=0x0000000002e09c64 sp=0x000000000222e010
Event: 26.347 Thread 0x0000000002280800 DEOPT UNPACKING pc=0x00000000023c582a sp=0x000000000222df20 mode 2
Event: 26.349 Thread 0x0000000014aab000 flushing nmethod 0x00000000027fe410
Event: 26.349 Thread 0x0000000014aab000 flushing nmethod 0x0000000002800d50
Event: 26.349 Thread 0x0000000014aab000 flushing nmethod 0x000000000280fc10
Event: 26.349 Thread 0x0000000014aab000 flushing nmethod 0x000000000281dd50
Event: 26.349 Thread 0x0000000014aab000 flushing nmethod 0x0000000002836750
Event: 26.349 Thread 0x0000000014aab000 flushing nmethod 0x0000000002838850
Event: 26.349 Thread 0x0000000014aab000 flushing nmethod 0x000000000283a110


Dynamic libraries:
0x00007ff7f2460000 - 0x00007ff7f2497000 	C:\Program Files\Java\jdk1.8.0_77\bin\java.exe
0x00007ffbdd9c0000 - 0x00007ffbddb82000 	C:\Windows\SYSTEM32\ntdll.dll
0x00007ffbdd410000 - 0x00007ffbdd4bd000 	C:\Windows\system32\KERNEL32.DLL
0x00007ffbdaeb0000 - 0x00007ffbdb08d000 	C:\Windows\system32\KERNELBASE.dll
0x00007ffbdd500000 - 0x00007ffbdd5a6000 	C:\Windows\system32\ADVAPI32.dll
0x00007ffbdd5c0000 - 0x00007ffbdd65d000 	C:\Windows\system32\msvcrt.dll
0x00007ffbdcd50000 - 0x00007ffbdcdab000 	C:\Windows\system32\sechost.dll
0x00007ffbdb250000 - 0x00007ffbdb376000 	C:\Windows\system32\RPCRT4.dll
0x00007ffbdd170000 - 0x00007ffbdd2be000 	C:\Windows\system32\USER32.dll
0x00007ffbdd660000 - 0x00007ffbdd7e5000 	C:\Windows\system32\GDI32.dll
0x00007ffbd7380000 - 0x00007ffbd75f4000 	C:\Windows\WinSxS\amd64_microsoft.windows.common-controls_6595b64144ccf1df_6.0.10240.16384_none_f41f7b285750ef43\COMCTL32.dll
0x00007ffbdd4c0000 - 0x00007ffbdd4f6000 	C:\Windows\system32\IMM32.DLL
0x00007ffbdc970000 - 0x00007ffbdcacc000 	C:\Windows\system32\MSCTF.dll
0x000000006a410000 - 0x000000006a4e2000 	C:\Program Files\Java\jdk1.8.0_77\jre\bin\msvcr100.dll
0x00000000686f0000 - 0x0000000068f80000 	C:\Program Files\Java\jdk1.8.0_77\jre\bin\server\jvm.dll
0x00007ffbdb1b0000 - 0x00007ffbdb1b8000 	C:\Windows\system32\PSAPI.DLL
0x00007ffbd8670000 - 0x00007ffbd8693000 	C:\Windows\SYSTEM32\WINMM.dll
0x00007ffbd3db0000 - 0x00007ffbd3db9000 	C:\Windows\SYSTEM32\WSOCK32.dll
0x00007ffbdd100000 - 0x00007ffbdd169000 	C:\Windows\system32\WS2_32.dll
0x00007ffbdd5b0000 - 0x00007ffbdd5b8000 	C:\Windows\system32\NSI.dll
0x00007ffbd7370000 - 0x00007ffbd737a000 	C:\Windows\SYSTEM32\VERSION.dll
0x00007ffbd8640000 - 0x00007ffbd866c000 	C:\Windows\SYSTEM32\WINMMBASE.dll
0x00007ffbdae60000 - 0x00007ffbdaea4000 	C:\Windows\system32\cfgmgr32.dll
0x00007ffbd8d60000 - 0x00007ffbd8d87000 	C:\Windows\SYSTEM32\DEVOBJ.dll
0x000000006a400000 - 0x000000006a40f000 	C:\Program Files\Java\jdk1.8.0_77\jre\bin\verify.dll
0x000000006a3d0000 - 0x000000006a3f9000 	C:\Program Files\Java\jdk1.8.0_77\jre\bin\java.dll
0x000000006a3b0000 - 0x000000006a3c6000 	C:\Program Files\Java\jdk1.8.0_77\jre\bin\zip.dll
0x00007ffbdb440000 - 0x00007ffbdc963000 	C:\Windows\system32\SHELL32.dll
0x00007ffbda830000 - 0x00007ffbdae59000 	C:\Windows\system32\windows.storage.dll
0x00007ffbdcad0000 - 0x00007ffbdcd4c000 	C:\Windows\system32\combase.dll
0x00007ffbdd040000 - 0x00007ffbdd091000 	C:\Windows\system32\shlwapi.dll
0x00007ffbda430000 - 0x00007ffbda43f000 	C:\Windows\system32\kernel.appcore.dll
0x00007ffbda770000 - 0x00007ffbda823000 	C:\Windows\system32\shcore.dll
0x00007ffbda440000 - 0x00007ffbda48a000 	C:\Windows\system32\powrprof.dll
0x00007ffbda410000 - 0x00007ffbda423000 	C:\Windows\system32\profapi.dll

VM Arguments:
jvm_args: -Djava.awt.headless=true -Xmx1024M -Dfile.encoding=windows-1251 -Duser.country=RU -Duser.language=ru -Duser.variant 
java_command: com.android.dx.command.Main --dex --num-threads=4 --output C:\Users\Admin\Desktop\proekti_android_rabochay_papka\Random\Random\app\build\intermediates\pre-dexed\debug\com.google.android.gms-play-services-ads-8.1.0_652732eb5be46de80ed7956fcfd1a7d44544a26d.jar C:\Users\Admin\Desktop\proekti_android_rabochay_papka\Random\Random\app\build\intermediates\exploded-aar\com.google.android.gms\play-services-ads\8.1.0\jars\classes.jar
java_class_path (initial): C:\Users\Admin\Desktop\kod\sdk\build-tools\23.0.3\lib\dx.jar
Launcher Type: SUN_STANDARD

Environment Variables:
JAVA_HOME=C:\Program Files\Java\jdk1.7.0_79
PATH=C:\ProgramData\Oracle\Java\javapath;C:\Windows\system32;C:\Windows;C:\Windows\System32\Wbem;C:\Windows\System32\WindowsPowerShell\v1.0\;C:\Program Files (x86)\Skype\Phone\;C:\Program Files (x86)\NVIDIA Corporation\PhysX\Common
USERNAME=Admin
OS=Windows_NT
PROCESSOR_IDENTIFIER=Intel64 Family 6 Model 61 Stepping 4, GenuineIntel



---------------  S Y S T E M  ---------------

OS: Windows 10.0 , 64 bit Build 10240 (10.0.10240.16384)

CPU:total 4 (2 cores per cpu, 2 threads per core) family 6 model 61 stepping 4, cmov, cx8, fxsr, mmx, sse, sse2, sse3, ssse3, sse4.1, sse4.2, popcnt, avx, avx2, aes, clmul, erms, 3dnowpref, lzcnt, ht, tsc, tscinvbit, bmi1, bmi2, adx

Memory: 4k page, physical 8297972k(1719936k free), swap 8297972k(6212k free)

vm_info: Java HotSpot(TM) 64-Bit Server VM (25.77-b03) for windows-amd64 JRE (1.8.0_77-b03), built on Mar 20 2016 22:01:33 by "java_re" with MS VC++ 10.0 (VS2010)

time: Sat Aug 13 20:57:01 2016
elapsed time: 26 seconds (0d 0h 0m 26s)

