#
# There is insufficient memory for the Java Runtime Environment to continue.
# Native memory allocation (malloc) failed to allocate 32744 bytes for ChunkPool::allocate
# Possible reasons:
#   The system is out of physical RAM or swap space
#   In 32 bit mode, the process size limit was hit
# Possible solutions:
#   Reduce memory load on the system
#   Increase physical memory or swap space
#   Check if swap backing store is full
#   Use 64 bit Java on a 64 bit OS
#   Decrease Java heap size (-Xmx/-Xms)
#   Decrease number of Java threads
#   Decrease Java thread stack sizes (-Xss)
#   Set larger code cache with -XX:ReservedCodeCacheSize=
# This output file may be truncated or incomplete.
#
#  Out of Memory Error (allocation.cpp:273), pid=2948, tid=7332
#
# JRE version: Java(TM) SE Runtime Environment (8.0_77-b03) (build 1.8.0_77-b03)
# Java VM: Java HotSpot(TM) 64-Bit Server VM (25.77-b03 mixed mode windows-amd64 compressed oops)
# Failed to write core dump. Minidumps are not enabled by default on client versions of Windows
#

---------------  T H R E A D  ---------------

Current thread (0x0000000014dad000):  JavaThread "C2 CompilerThread1" daemon [_thread_in_native, id=7332, stack(0x0000000016500000,0x0000000016600000)]

Stack: [0x0000000016500000,0x0000000016600000]
[error occurred during error reporting (printing stack bounds), id 0xc0000005]

Native frames: (J=compiled Java code, j=interpreted, Vv=VM code, C=native code)


Current CompileTask:
C2:  31967 1767   !   4       com.android.dx.cf.code.Ropper::processBlock (1101 bytes)


---------------  P R O C E S S  ---------------

Java Threads: ( => current thread )
  0x0000000014e0d000 JavaThread "Service Thread" daemon [_thread_blocked, id=3356, stack(0x0000000016b00000,0x0000000016c00000)]
  0x0000000014e0a800 JavaThread "C1 CompilerThread2" daemon [_thread_in_native, id=5904, stack(0x0000000016600000,0x0000000016700000)]
=>0x0000000014dad000 JavaThread "C2 CompilerThread1" daemon [_thread_in_native, id=7332, stack(0x0000000016500000,0x0000000016600000)]
  0x0000000014daa000 JavaThread "C2 CompilerThread0" daemon [_thread_in_native, id=7500, stack(0x0000000016400000,0x0000000016500000)]
  0x0000000014da8000 JavaThread "Attach Listener" daemon [_thread_blocked, id=8056, stack(0x0000000016300000,0x0000000016400000)]
  0x0000000014db7000 JavaThread "Signal Dispatcher" daemon [_thread_blocked, id=5436, stack(0x0000000016200000,0x0000000016300000)]
  0x0000000014d9a800 JavaThread "Finalizer" daemon [_thread_blocked, id=8152, stack(0x0000000016010000,0x0000000016110000)]
  0x00000000026cf000 JavaThread "Reference Handler" daemon [_thread_blocked, id=8000, stack(0x0000000015f10000,0x0000000016010000)]
  0x00000000025e0800 JavaThread "main" [_thread_in_Java, id=7236, stack(0x00000000024c0000,0x00000000025c0000)]

Other Threads:
  0x0000000014d78000 VMThread [stack: 0x0000000015e10000,0x0000000015f10000] [id=7732]
  0x000000001670b000 WatcherThread [stack: 0x0000000016c00000,0x0000000016d00000] [id=1220]

VM state:not at safepoint (normal execution)

VM Mutex/Monitor currently owned by a thread: None

Heap:
 PSYoungGen      total 150528K, used 126764K [0x00000000eab00000, 0x00000000fe600000, 0x0000000100000000)
  eden space 131072K, 81% used [0x00000000eab00000,0x00000000f13d0b38,0x00000000f2b00000)
  from space 19456K, 99% used [0x00000000f2b00000,0x00000000f3dfa7f8,0x00000000f3e00000)
  to   space 30208K, 0% used [0x00000000fc880000,0x00000000fc880000,0x00000000fe600000)
 ParOldGen       total 87552K, used 41464K [0x00000000c0000000, 0x00000000c5580000, 0x00000000eab00000)
  object space 87552K, 47% used [0x00000000c0000000,0x00000000c287e240,0x00000000c5580000)
 Metaspace       used 6856K, capacity 7544K, committed 7680K, reserved 1056768K
  class space    used 644K, capacity 688K, committed 768K, reserved 1048576K

Card table byte_map: [0x0000000011aa0000,0x0000000011cb0000] byte_map_base: 0x00000000114a0000

Marking Bits: (ParMarkBitMap*) 0x0000000068f00600
 Begin Bits: [0x0000000012210000, 0x0000000013210000)
 End Bits:   [0x0000000013210000, 0x0000000014210000)

Polling page: 0x0000000002460000

CodeCache: size=245760Kb used=9080Kb max_used=9993Kb free=236679Kb
 bounds [0x00000000026e0000, 0x00000000030c0000, 0x00000000116e0000]
 total_blobs=2394 nmethods=2122 adapters=182
 compilation: enabled

Compilation events (10 events):
Event: 31.905 Thread 0x0000000014e0a800 2618       1       com.android.dx.rop.cst.CstKnownNull::getIntBits (2 bytes)
Event: 31.905 Thread 0x0000000014e0a800 nmethod 2618 0x000000000308ce10 code [0x000000000308cf60, 0x000000000308d070]
Event: 31.908 Thread 0x0000000014e0a800 2619       3       com.android.dx.dex.code.CatchHandlerList$Entry::<init> (43 bytes)
Event: 31.908 Thread 0x0000000014e0a800 nmethod 2619 0x000000000308c750 code [0x000000000308c8e0, 0x000000000308cc98]
Event: 31.908 Thread 0x0000000014e0a800 2620       3       com.android.dx.dex.code.CatchHandlerList$Entry::compareTo (38 bytes)
Event: 31.909 Thread 0x0000000014e0a800 nmethod 2620 0x0000000002efd010 code [0x0000000002efd1e0, 0x0000000002efdc58]
Event: 31.909 Thread 0x0000000014e0a800 2621       3       com.android.dx.dex.code.CatchHandlerList$Entry::equals (26 bytes)
Event: 31.910 Thread 0x0000000014e0a800 nmethod 2621 0x000000000308c0d0 code [0x000000000308c260, 0x000000000308c688]
Event: 31.930 Thread 0x0000000014e0a800 2623       3       com.android.dx.dex.code.StdCatchBuilder::rangeIsValid (62 bytes)
Event: 31.931 Thread 0x0000000014e0a800 nmethod 2623 0x0000000002d8e050 code [0x0000000002d8e240, 0x0000000002d8ecb8]

GC Heap History (10 events):
Event: 9.540 GC heap before
{Heap before GC invocations=3 (full 0):
 PSYoungGen      total 38400K, used 38396K [0x00000000eab00000, 0x00000000ef600000, 0x0000000100000000)
  eden space 33280K, 100% used [0x00000000eab00000,0x00000000ecb80000,0x00000000ecb80000)
  from space 5120K, 99% used [0x00000000ed080000,0x00000000ed57f140,0x00000000ed580000)
  to   space 5120K, 0% used [0x00000000ecb80000,0x00000000ecb80000,0x00000000ed080000)
 ParOldGen       total 87552K, used 3549K [0x00000000c0000000, 0x00000000c5580000, 0x00000000eab00000)
  object space 87552K, 4% used [0x00000000c0000000,0x00000000c03777a0,0x00000000c5580000)
 Metaspace       used 6235K, capacity 7090K, committed 7296K, reserved 1056768K
  class space    used 605K, capacity 618K, committed 640K, reserved 1048576K
Event: 10.415 GC heap after
Heap after GC invocations=3 (full 0):
 PSYoungGen      total 38400K, used 5099K [0x00000000eab00000, 0x00000000ef600000, 0x0000000100000000)
  eden space 33280K, 0% used [0x00000000eab00000,0x00000000eab00000,0x00000000ecb80000)
  from space 5120K, 99% used [0x00000000ecb80000,0x00000000ed07af70,0x00000000ed080000)
  to   space 5120K, 0% used [0x00000000ef100000,0x00000000ef100000,0x00000000ef600000)
 ParOldGen       total 87552K, used 8953K [0x00000000c0000000, 0x00000000c5580000, 0x00000000eab00000)
  object space 87552K, 10% used [0x00000000c0000000,0x00000000c08be5a0,0x00000000c5580000)
 Metaspace       used 6235K, capacity 7090K, committed 7296K, reserved 1056768K
  class space    used 605K, capacity 618K, committed 640K, reserved 1048576K
}
Event: 12.874 GC heap before
{Heap before GC invocations=4 (full 0):
 PSYoungGen      total 38400K, used 38379K [0x00000000eab00000, 0x00000000ef600000, 0x0000000100000000)
  eden space 33280K, 100% used [0x00000000eab00000,0x00000000ecb80000,0x00000000ecb80000)
  from space 5120K, 99% used [0x00000000ecb80000,0x00000000ed07af70,0x00000000ed080000)
  to   space 5120K, 0% used [0x00000000ef100000,0x00000000ef100000,0x00000000ef600000)
 ParOldGen       total 87552K, used 8953K [0x00000000c0000000, 0x00000000c5580000, 0x00000000eab00000)
  object space 87552K, 10% used [0x00000000c0000000,0x00000000c08be5a0,0x00000000c5580000)
 Metaspace       used 6289K, capacity 7154K, committed 7296K, reserved 1056768K
  class space    used 605K, capacity 618K, committed 640K, reserved 1048576K
Event: 14.424 GC heap after
Heap after GC invocations=4 (full 0):
 PSYoungGen      total 71680K, used 5118K [0x00000000eab00000, 0x00000000ef600000, 0x0000000100000000)
  eden space 66560K, 0% used [0x00000000eab00000,0x00000000eab00000,0x00000000eec00000)
  from space 5120K, 99% used [0x00000000ef100000,0x00000000ef5ff8c8,0x00000000ef600000)
  to   space 5120K, 0% used [0x00000000eec00000,0x00000000eec00000,0x00000000ef100000)
 ParOldGen       total 87552K, used 14768K [0x00000000c0000000, 0x00000000c5580000, 0x00000000eab00000)
  object space 87552K, 16% used [0x00000000c0000000,0x00000000c0e6c298,0x00000000c5580000)
 Metaspace       used 6289K, capacity 7154K, committed 7296K, reserved 1056768K
  class space    used 605K, capacity 618K, committed 640K, reserved 1048576K
}
Event: 21.959 GC heap before
{Heap before GC invocations=5 (full 0):
 PSYoungGen      total 71680K, used 71678K [0x00000000eab00000, 0x00000000ef600000, 0x0000000100000000)
  eden space 66560K, 100% used [0x00000000eab00000,0x00000000eec00000,0x00000000eec00000)
  from space 5120K, 99% used [0x00000000ef100000,0x00000000ef5ff8c8,0x00000000ef600000)
  to   space 5120K, 0% used [0x00000000eec00000,0x00000000eec00000,0x00000000ef100000)
 ParOldGen       total 87552K, used 14768K [0x00000000c0000000, 0x00000000c5580000, 0x00000000eab00000)
  object space 87552K, 16% used [0x00000000c0000000,0x00000000c0e6c298,0x00000000c5580000)
 Metaspace       used 6412K, capacity 7218K, committed 7296K, reserved 1056768K
  class space    used 605K, capacity 618K, committed 640K, reserved 1048576K
Event: 22.290 GC heap after
Heap after GC invocations=5 (full 0):
 PSYoungGen      total 71680K, used 5116K [0x00000000eab00000, 0x00000000f4f00000, 0x0000000100000000)
  eden space 66560K, 0% used [0x00000000eab00000,0x00000000eab00000,0x00000000eec00000)
  from space 5120K, 99% used [0x00000000eec00000,0x00000000ef0ff2d0,0x00000000ef100000)
  to   space 17408K, 0% used [0x00000000f3e00000,0x00000000f3e00000,0x00000000f4f00000)
 ParOldGen       total 87552K, used 25635K [0x00000000c0000000, 0x00000000c5580000, 0x00000000eab00000)
  object space 87552K, 29% used [0x00000000c0000000,0x00000000c1908e40,0x00000000c5580000)
 Metaspace       used 6412K, capacity 7218K, committed 7296K, reserved 1056768K
  class space    used 605K, capacity 618K, committed 640K, reserved 1048576K
}
Event: 25.621 GC heap before
{Heap before GC invocations=6 (full 0):
 PSYoungGen      total 71680K, used 71676K [0x00000000eab00000, 0x00000000f4f00000, 0x0000000100000000)
  eden space 66560K, 100% used [0x00000000eab00000,0x00000000eec00000,0x00000000eec00000)
  from space 5120K, 99% used [0x00000000eec00000,0x00000000ef0ff2d0,0x00000000ef100000)
  to   space 17408K, 0% used [0x00000000f3e00000,0x00000000f3e00000,0x00000000f4f00000)
 ParOldGen       total 87552K, used 25635K [0x00000000c0000000, 0x00000000c5580000, 0x00000000eab00000)
  object space 87552K, 29% used [0x00000000c0000000,0x00000000c1908e40,0x00000000c5580000)
 Metaspace       used 6442K, capacity 7218K, committed 7296K, reserved 1056768K
  class space    used 606K, capacity 618K, committed 640K, reserved 1048576K
Event: 26.211 GC heap after
Heap after GC invocations=6 (full 0):
 PSYoungGen      total 148480K, used 15807K [0x00000000eab00000, 0x00000000f5300000, 0x0000000100000000)
  eden space 131072K, 0% used [0x00000000eab00000,0x00000000eab00000,0x00000000f2b00000)
  from space 17408K, 90% used [0x00000000f3e00000,0x00000000f4d6fee0,0x00000000f4f00000)
  to   space 19456K, 0% used [0x00000000f2b00000,0x00000000f2b00000,0x00000000f3e00000)
 ParOldGen       total 87552K, used 25643K [0x00000000c0000000, 0x00000000c5580000, 0x00000000eab00000)
  object space 87552K, 29% used [0x00000000c0000000,0x00000000c190ae40,0x00000000c5580000)
 Metaspace       used 6442K, capacity 7218K, committed 7296K, reserved 1056768K
  class space    used 606K, capacity 618K, committed 640K, reserved 1048576K
}
Event: 28.148 GC heap before
{Heap before GC invocations=7 (full 0):
 PSYoungGen      total 148480K, used 146879K [0x00000000eab00000, 0x00000000f5300000, 0x0000000100000000)
  eden space 131072K, 100% used [0x00000000eab00000,0x00000000f2b00000,0x00000000f2b00000)
  from space 17408K, 90% used [0x00000000f3e00000,0x00000000f4d6fee0,0x00000000f4f00000)
  to   space 19456K, 0% used [0x00000000f2b00000,0x00000000f2b00000,0x00000000f3e00000)
 ParOldGen       total 87552K, used 25643K [0x00000000c0000000, 0x00000000c5580000, 0x00000000eab00000)
  object space 87552K, 29% used [0x00000000c0000000,0x00000000c190ae40,0x00000000c5580000)
 Metaspace       used 6544K, capacity 7256K, committed 7424K, reserved 1056768K
  class space    used 626K, capacity 656K, committed 768K, reserved 1048576K
Event: 28.447 GC heap after
Heap after GC invocations=7 (full 0):
 PSYoungGen      total 150528K, used 19433K [0x00000000eab00000, 0x00000000fe600000, 0x0000000100000000)
  eden space 131072K, 0% used [0x00000000eab00000,0x00000000eab00000,0x00000000f2b00000)
  from space 19456K, 99% used [0x00000000f2b00000,0x00000000f3dfa7f8,0x00000000f3e00000)
  to   space 30208K, 0% used [0x00000000fc880000,0x00000000fc880000,0x00000000fe600000)
 ParOldGen       total 87552K, used 41464K [0x00000000c0000000, 0x00000000c5580000, 0x00000000eab00000)
  object space 87552K, 47% used [0x00000000c0000000,0x00000000c287e240,0x00000000c5580000)
 Metaspace       used 6544K, capacity 7256K, committed 7424K, reserved 1056768K
  class space    used 626K, capacity 656K, committed 768K, reserved 1048576K
}

Deoptimization events (10 events):
Event: 29.921 Thread 0x00000000025e0800 Uncommon trap: reason=class_check action=maybe_recompile pc=0x0000000002b43308 method=java.util.Arrays.hashCode([Ljava/lang/Object;)I @ 43
Event: 29.921 Thread 0x00000000025e0800 Uncommon trap: reason=class_check action=maybe_recompile pc=0x0000000002b43308 method=java.util.Arrays.hashCode([Ljava/lang/Object;)I @ 43
Event: 29.921 Thread 0x00000000025e0800 Uncommon trap: reason=class_check action=maybe_recompile pc=0x0000000002b438f4 method=java.util.Arrays.hashCode([Ljava/lang/Object;)I @ 43
Event: 29.963 Thread 0x00000000025e0800 Uncommon trap: reason=class_check action=maybe_recompile pc=0x0000000002ada148 method=java.util.HashMap.putVal(ILjava/lang/Object;Ljava/lang/Object;ZZ)Ljava/lang/Object; @ 203
Event: 29.963 Thread 0x00000000025e0800 Uncommon trap: reason=class_check action=maybe_recompile pc=0x0000000002ada148 method=java.util.HashMap.putVal(ILjava/lang/Object;Ljava/lang/Object;ZZ)Ljava/lang/Object; @ 203
Event: 30.410 Thread 0x00000000025e0800 Uncommon trap: reason=class_check action=maybe_recompile pc=0x0000000002ada148 method=java.util.HashMap.putVal(ILjava/lang/Object;Ljava/lang/Object;ZZ)Ljava/lang/Object; @ 203
Event: 30.410 Thread 0x00000000025e0800 Uncommon trap: reason=class_check action=maybe_recompile pc=0x0000000002ada148 method=java.util.HashMap.putVal(ILjava/lang/Object;Ljava/lang/Object;ZZ)Ljava/lang/Object; @ 203
Event: 31.022 Thread 0x00000000025e0800 Uncommon trap: reason=unstable_if action=reinterpret pc=0x0000000002e52530 method=com.android.dx.dex.code.OutputFinisher.addConstants(Ljava/util/HashSet;Lcom/android/dx/rop/code/RegisterSpec;)V @ 57
Event: 31.771 Thread 0x00000000025e0800 Uncommon trap: reason=unstable_if action=reinterpret pc=0x0000000002f7f62c method=java.util.TreeMap.put(Ljava/lang/Object;Ljava/lang/Object;)Ljava/lang/Object; @ 163
Event: 31.787 Thread 0x00000000025e0800 Uncommon trap: reason=unstable_if action=reinterpret pc=0x0000000002db0b00 method=com.android.dx.dex.code.OutputFinisher.findOpcodeForInsn(Lcom/android/dx/dex/code/DalvInsn;Lcom/android/dx/dex/code/Dop;)Lcom/android/dx/dex/code/Dop; @ 1

Internal exceptions (6 events):
Event: 0.048 Thread 0x00000000025e0800 Exception <a 'java/lang/NoSuchMethodError': Method sun.misc.Unsafe.defineClass(Ljava/lang/String;[BII)Ljava/lang/Class; name or signature does not match> (0x00000000eab07cc0) thrown at [D:\re\workspace\8-2-build-windows-amd64-cygwin\jdk8u77\6540\hotspot\sr⁄Ûêe±ú®?
Event: 0.048 Thread 0x00000000025e0800 Exception <a 'java/lang/NoSuchMethodError': Method sun.misc.Unsafe.prefetchRead(Ljava/lang/Object;J)V name or signature does not match> (0x00000000eab07fa8) thrown at [D:\re\workspace\8-2-build-windows-amd64-cygwin\jdk8u77\6540\hotspot\src\share\vm\prims\jÜØ/wj6@
Event: 22.415 Thread 0x0000000016a5a000 Implicit null exception at 0x0000000002c48a2b to 0x0000000002c49fd5
Event: 26.726 Thread 0x0000000016a5a000 Exception <a 'java/lang/ArrayIndexOutOfBoundsException': 18> (0x00000000ec9c4c08) thrown at [D:\re\workspace\8-2-build-windows-amd64-cygwin\jdk8u77\6540\hotspot\src\share\vm\interpreter\interpreterRuntime.cpp, line 366]
Event: 26.727 Thread 0x0000000016a5a000 Exception <a 'java/lang/ArrayIndexOutOfBoundsException'> (0x00000000ecd507e8) thrown at [D:\re\workspace\8-2-build-windows-amd64-cygwin\jdk8u77\6540\hotspot\src\share\vm\runtime\sharedRuntime.cpp, line 605]
Event: 26.728 Thread 0x0000000016a5a000 Exception <a 'java/lang/ArrayIndexOutOfBoundsException'> (0x00000000ecd51ad0) thrown at [D:\re\workspace\8-2-build-windows-amd64-cygwin\jdk8u77\6540\hotspot\src\share\vm\runtime\sharedRuntime.cpp, line 605]

Events (10 events):
Event: 31.771 Thread 0x00000000025e0800 Uncommon trap: trap_request=0xffffff65 fr.pc=0x0000000002f7f62c
Event: 31.771 Thread 0x00000000025e0800 DEOPT PACKING pc=0x0000000002f7f62c sp=0x00000000025bf050
Event: 31.771 Thread 0x00000000025e0800 DEOPT UNPACKING pc=0x000000000272582a sp=0x00000000025beff0 mode 2
Event: 31.771 loading class com/android/dx/util/ByteArrayAnnotatedOutput
Event: 31.771 loading class com/android/dx/util/ByteArrayAnnotatedOutput done
Event: 31.787 Thread 0x00000000025e0800 Uncommon trap: trap_request=0xffffff65 fr.pc=0x0000000002db0b00
Event: 31.788 Thread 0x00000000025e0800 DEOPT PACKING pc=0x0000000002db0b00 sp=0x00000000025beea0
Event: 31.788 Thread 0x00000000025e0800 DEOPT UNPACKING pc=0x000000000272582a sp=0x00000000025bee40 mode 2
Event: 31.788 loading class com/android/dx/rop/code/RegisterSpecList$Expander
Event: 31.788 loading class com/android/dx/rop/code/RegisterSpecList$Expander done


Dynamic libraries:
0x00007ff7f2460000 - 0x00007ff7f2497000 	C:\Program Files\Java\jdk1.8.0_77\bin\java.exe
0x00007ffbdd9c0000 - 0x00007ffbddb82000 	C:\Windows\SYSTEM32\ntdll.dll
0x00007ffbdd410000 - 0x00007ffbdd4bd000 	C:\Windows\system32\KERNEL32.DLL
0x00007ffbdaeb0000 - 0x00007ffbdb08d000 	C:\Windows\system32\KERNELBASE.dll
0x00007ffbdd500000 - 0x00007ffbdd5a6000 	C:\Windows\system32\ADVAPI32.dll
0x00007ffbdd5c0000 - 0x00007ffbdd65d000 	C:\Windows\system32\msvcrt.dll
0x00007ffbdcd50000 - 0x00007ffbdcdab000 	C:\Windows\system32\sechost.dll
0x00007ffbdb250000 - 0x00007ffbdb376000 	C:\Windows\system32\RPCRT4.dll
0x00007ffbdd170000 - 0x00007ffbdd2be000 	C:\Windows\system32\USER32.dll
0x00007ffbdd660000 - 0x00007ffbdd7e5000 	C:\Windows\system32\GDI32.dll
0x00007ffbd7380000 - 0x00007ffbd75f4000 	C:\Windows\WinSxS\amd64_microsoft.windows.common-controls_6595b64144ccf1df_6.0.10240.16384_none_f41f7b285750ef43\COMCTL32.dll
0x00007ffbdd4c0000 - 0x00007ffbdd4f6000 	C:\Windows\system32\IMM32.DLL
0x00007ffbdc970000 - 0x00007ffbdcacc000 	C:\Windows\system32\MSCTF.dll
0x000000006a410000 - 0x000000006a4e2000 	C:\Program Files\Java\jdk1.8.0_77\jre\bin\msvcr100.dll
0x00000000686f0000 - 0x0000000068f80000 	C:\Program Files\Java\jdk1.8.0_77\jre\bin\server\jvm.dll
0x00007ffbdb1b0000 - 0x00007ffbdb1b8000 	C:\Windows\system32\PSAPI.DLL
0x00007ffbd3db0000 - 0x00007ffbd3db9000 	C:\Windows\SYSTEM32\WSOCK32.dll
0x00007ffbdd100000 - 0x00007ffbdd169000 	C:\Windows\system32\WS2_32.dll
0x00007ffbdd5b0000 - 0x00007ffbdd5b8000 	C:\Windows\system32\NSI.dll
0x00007ffbd8670000 - 0x00007ffbd8693000 	C:\Windows\SYSTEM32\WINMM.dll
0x00007ffbd7370000 - 0x00007ffbd737a000 	C:\Windows\SYSTEM32\VERSION.dll
0x00007ffbd8640000 - 0x00007ffbd866c000 	C:\Windows\SYSTEM32\WINMMBASE.dll
0x00007ffbdae60000 - 0x00007ffbdaea4000 	C:\Windows\system32\cfgmgr32.dll
0x00007ffbd8d60000 - 0x00007ffbd8d87000 	C:\Windows\SYSTEM32\DEVOBJ.dll
0x000000006a400000 - 0x000000006a40f000 	C:\Program Files\Java\jdk1.8.0_77\jre\bin\verify.dll
0x000000006a3d0000 - 0x000000006a3f9000 	C:\Program Files\Java\jdk1.8.0_77\jre\bin\java.dll
0x000000006a3b0000 - 0x000000006a3c6000 	C:\Program Files\Java\jdk1.8.0_77\jre\bin\zip.dll
0x00007ffbdb440000 - 0x00007ffbdc963000 	C:\Windows\system32\SHELL32.dll
0x00007ffbda830000 - 0x00007ffbdae59000 	C:\Windows\system32\windows.storage.dll
0x00007ffbdcad0000 - 0x00007ffbdcd4c000 	C:\Windows\system32\combase.dll
0x00007ffbdd040000 - 0x00007ffbdd091000 	C:\Windows\system32\shlwapi.dll
0x00007ffbda430000 - 0x00007ffbda43f000 	C:\Windows\system32\kernel.appcore.dll
0x00007ffbda770000 - 0x00007ffbda823000 	C:\Windows\system32\shcore.dll
0x00007ffbda440000 - 0x00007ffbda48a000 	C:\Windows\system32\powrprof.dll
0x00007ffbda410000 - 0x00007ffbda423000 	C:\Windows\system32\profapi.dll

VM Arguments:
jvm_args: -Djava.awt.headless=true -Xmx1024M -Dfile.encoding=windows-1251 -Duser.country=RU -Duser.language=ru -Duser.variant 
java_command: com.android.dx.command.Main --dex --num-threads=4 --output C:\Users\Admin\Desktop\proekti_android_rabochay_papka\Random\Random\app\build\intermediates\pre-dexed\debug\com.android.support-support-v4-23.1.1_a6137f464ae584f0053763f3eb398372c40d0862.jar C:\Users\Admin\Desktop\proekti_android_rabochay_papka\Random\Random\app\build\intermediates\exploded-aar\com.android.support\support-v4\23.1.1\jars\classes.jar
java_class_path (initial): C:\Users\Admin\Desktop\kod\sdk\build-tools\23.0.3\lib\dx.jar
Launcher Type: SUN_STANDARD

Environment Variables:
JAVA_HOME=C:\Program Files\Java\jdk1.7.0_79
PATH=C:\ProgramData\Oracle\Java\javapath;C:\Windows\system32;C:\Windows;C:\Windows\System32\Wbem;C:\Windows\System32\WindowsPowerShell\v1.0\;C:\Program Files (x86)\Skype\Phone\;C:\Program Files (x86)\NVIDIA Corporation\PhysX\Common
USERNAME=Admin
OS=Windows_NT
PROCESSOR_IDENTIFIER=Intel64 Family 6 Model 61 Stepping 4, GenuineIntel



---------------  S Y S T E M  ---------------

OS: Windows 10.0 , 64 bit Build 10240 (10.0.10240.16384)

CPU:total 4 (2 cores per cpu, 2 threads per core) family 6 model 61 stepping 4, cmov, cx8, fxsr, mmx, sse, sse2, sse3, ssse3, sse4.1, sse4.2, popcnt, avx, avx2, aes, clmul, erms, 3dnowpref, lzcnt, ht, tsc, tscinvbit, bmi1, bmi2, adx

Memory: 4k page, physical 8297972k(1738952k free), swap 8297972k(504840k free)

vm_info: Java HotSpot(TM) 64-Bit Server VM (25.77-b03) for windows-amd64 JRE (1.8.0_77-b03), built on Mar 20 2016 22:01:33 by "java_re" with MS VC++ 10.0 (VS2010)

time: Sat Aug 13 20:47:59 2016
elapsed time: 31 seconds (0d 0h 0m 31s)

