#
# There is insufficient memory for the Java Runtime Environment to continue.
# Native memory allocation (malloc) failed to allocate 108784 bytes for Chunk::new
# Possible reasons:
#   The system is out of physical RAM or swap space
#   In 32 bit mode, the process size limit was hit
# Possible solutions:
#   Reduce memory load on the system
#   Increase physical memory or swap space
#   Check if swap backing store is full
#   Use 64 bit Java on a 64 bit OS
#   Decrease Java heap size (-Xmx/-Xms)
#   Decrease number of Java threads
#   Decrease Java thread stack sizes (-Xss)
#   Set larger code cache with -XX:ReservedCodeCacheSize=
# This output file may be truncated or incomplete.
#
#  Out of Memory Error (allocation.cpp:390), pid=5760, tid=1960
#
# JRE version: Java(TM) SE Runtime Environment (8.0_77-b03) (build 1.8.0_77-b03)
# Java VM: Java HotSpot(TM) 64-Bit Server VM (25.77-b03 mixed mode windows-amd64 compressed oops)
# Failed to write core dump. Minidumps are not enabled by default on client versions of Windows
#

---------------  T H R E A D  ---------------

Current thread (0x0000000015100000):  JavaThread "C2 CompilerThread0" daemon [_thread_in_native, id=1960, stack(0x0000000016740000,0x0000000016840000)]

Stack: [0x0000000016740000,0x0000000016840000]
[error occurred during error reporting (printing stack bounds), id 0xc0000005]

Native frames: (J=compiled Java code, j=interpreted, Vv=VM code, C=native code)


Current CompileTask:
C2:   8795 1208       4       com.android.dx.ssa.SsaMethod::forEachInsn (36 bytes)


---------------  P R O C E S S  ---------------

Java Threads: ( => current thread )
  0x0000000016d07800 JavaThread "pool-1-thread-4" [_thread_in_Java, id=2052, stack(0x0000000017440000,0x0000000017540000)]
  0x0000000016d06800 JavaThread "pool-1-thread-3" [_thread_in_vm, id=3120, stack(0x0000000017340000,0x0000000017440000)]
  0x0000000016d05800 JavaThread "pool-1-thread-2" [_thread_in_vm, id=3136, stack(0x0000000017240000,0x0000000017340000)]
  0x0000000016cbe800 JavaThread "pool-2-thread-1" [_thread_blocked, id=3520, stack(0x0000000017140000,0x0000000017240000)]
  0x0000000016cbb800 JavaThread "pool-1-thread-1" [_thread_in_vm, id=2004, stack(0x0000000017040000,0x0000000017140000)]
  0x000000001515d800 JavaThread "Service Thread" daemon [_thread_blocked, id=2908, stack(0x0000000016e40000,0x0000000016f40000)]
  0x000000001515b800 JavaThread "C1 CompilerThread2" daemon [_thread_in_native, id=960, stack(0x0000000016940000,0x0000000016a40000)]
  0x0000000015158800 JavaThread "C2 CompilerThread1" daemon [_thread_in_native, id=3404, stack(0x0000000016840000,0x0000000016940000)]
=>0x0000000015100000 JavaThread "C2 CompilerThread0" daemon [_thread_in_native, id=1960, stack(0x0000000016740000,0x0000000016840000)]
  0x00000000150fe000 JavaThread "Attach Listener" daemon [_thread_blocked, id=5152, stack(0x0000000016640000,0x0000000016740000)]
  0x000000001510d000 JavaThread "Signal Dispatcher" daemon [_thread_blocked, id=4416, stack(0x0000000016540000,0x0000000016640000)]
  0x00000000150e9800 JavaThread "Finalizer" daemon [_thread_blocked, id=1472, stack(0x0000000016350000,0x0000000016450000)]
  0x00000000150c8800 JavaThread "Reference Handler" daemon [_thread_blocked, id=5376, stack(0x0000000016250000,0x0000000016350000)]
  0x0000000002930800 JavaThread "main" [_thread_in_vm, id=2504, stack(0x0000000002660000,0x0000000002760000)]

Other Threads:
  0x00000000150c8000 VMThread [stack: 0x0000000016150000,0x0000000016250000] [id=6088]
  0x0000000016a4e800 WatcherThread [stack: 0x0000000016f40000,0x0000000017040000] [id=5056]

VM state:not at safepoint (normal execution)

VM Mutex/Monitor currently owned by a thread:  ([mutex/lock_event])
[0x000000000282e4a0] MethodData_lock - owner thread: 0x0000000016cbb800

Heap:
 PSYoungGen      total 38400K, used 15854K [0x00000000eab00000, 0x00000000ed580000, 0x0000000100000000)
  eden space 33280K, 32% used [0x00000000eab00000,0x00000000eb57eeb0,0x00000000ecb80000)
  from space 5120K, 99% used [0x00000000ecb80000,0x00000000ed07ccb8,0x00000000ed080000)
  to   space 5120K, 0% used [0x00000000ed080000,0x00000000ed080000,0x00000000ed580000)
 ParOldGen       total 87552K, used 134K [0x00000000c0000000, 0x00000000c5580000, 0x00000000eab00000)
  object space 87552K, 0% used [0x00000000c0000000,0x00000000c00219a0,0x00000000c5580000)
 Metaspace       used 6005K, capacity 6896K, committed 7040K, reserved 1056768K
  class space    used 602K, capacity 616K, committed 640K, reserved 1048576K

Card table byte_map: [0x0000000011df0000,0x0000000012000000] byte_map_base: 0x00000000117f0000

Marking Bits: (ParMarkBitMap*) 0x0000000060420600
 Begin Bits: [0x0000000012560000, 0x0000000013560000)
 End Bits:   [0x0000000013560000, 0x0000000014560000)

Polling page: 0x0000000000e70000

CodeCache: size=245760Kb used=4762Kb max_used=4762Kb free=240997Kb
 bounds [0x0000000002a30000, 0x0000000002ee0000, 0x0000000011a30000]
 total_blobs=1488 nmethods=1219 adapters=182
 compilation: enabled

Compilation events (10 events):
Event: 8.762 Thread 0x000000001515b800 nmethod 1218 0x0000000002ed5f50 code [0x0000000002ed6100, 0x0000000002ed65f8]
Event: 8.762 Thread 0x000000001515b800 1219   !   3       com.android.dx.cf.attrib.AttCode::<init> (144 bytes)
Event: 8.763 Thread 0x000000001515b800 nmethod 1219 0x0000000002ed8d50 code [0x0000000002ed8f80, 0x0000000002ed9a28]
Event: 8.763 Thread 0x000000001515b800 1220       3       com.android.dx.cf.attrib.AttCode::byteLength (29 bytes)
Event: 8.764 Thread 0x000000001515b800 nmethod 1220 0x0000000002eda090 code [0x0000000002eda260, 0x0000000002edacd8]
Event: 8.764 Thread 0x000000001515b800 1221       3       com.android.dx.cf.attrib.AttLocalVariableTable::<init> (8 bytes)
Event: 8.764 Thread 0x000000001515b800 nmethod 1221 0x0000000002ed5ad0 code [0x0000000002ed5c40, 0x0000000002ed5de8]
Event: 8.765 Thread 0x000000001515b800 1222       3       com.android.dx.cf.attrib.RawAttribute::byteLength (11 bytes)
Event: 8.765 Thread 0x000000001515b800 nmethod 1222 0x0000000002edb150 code [0x0000000002edb2a0, 0x0000000002edb490]
Event: 8.765 Thread 0x000000001515b800 1223       3       com.android.dx.cf.direct.StdAttributeFactory::code (613 bytes)

GC Heap History (2 events):
Event: 8.459 GC heap before
{Heap before GC invocations=1 (full 0):
 PSYoungGen      total 38400K, used 33280K [0x00000000eab00000, 0x00000000ed580000, 0x0000000100000000)
  eden space 33280K, 100% used [0x00000000eab00000,0x00000000ecb80000,0x00000000ecb80000)
  from space 5120K, 0% used [0x00000000ed080000,0x00000000ed080000,0x00000000ed580000)
  to   space 5120K, 0% used [0x00000000ecb80000,0x00000000ecb80000,0x00000000ed080000)
 ParOldGen       total 87552K, used 0K [0x00000000c0000000, 0x00000000c5580000, 0x00000000eab00000)
  object space 87552K, 0% used [0x00000000c0000000,0x00000000c0000000,0x00000000c5580000)
 Metaspace       used 5971K, capacity 6896K, committed 7040K, reserved 1056768K
  class space    used 602K, capacity 616K, committed 640K, reserved 1048576K
Event: 8.538 GC heap after
Heap after GC invocations=1 (full 0):
 PSYoungGen      total 38400K, used 5107K [0x00000000eab00000, 0x00000000ed580000, 0x0000000100000000)
  eden space 33280K, 0% used [0x00000000eab00000,0x00000000eab00000,0x00000000ecb80000)
  from space 5120K, 99% used [0x00000000ecb80000,0x00000000ed07ccb8,0x00000000ed080000)
  to   space 5120K, 0% used [0x00000000ed080000,0x00000000ed080000,0x00000000ed580000)
 ParOldGen       total 87552K, used 134K [0x00000000c0000000, 0x00000000c5580000, 0x00000000eab00000)
  object space 87552K, 0% used [0x00000000c0000000,0x00000000c00219a0,0x00000000c5580000)
 Metaspace       used 5971K, capacity 6896K, committed 7040K, reserved 1056768K
  class space    used 602K, capacity 616K, committed 640K, reserved 1048576K
}

Deoptimization events (6 events):
Event: 4.070 Thread 0x0000000002930800 Uncommon trap: reason=unstable_if action=reinterpret pc=0x0000000002b91d54 method=java.lang.String.compareTo(Ljava/lang/String;)I @ 38
Event: 7.555 Thread 0x0000000016d07800 Uncommon trap: reason=unstable_if action=reinterpret pc=0x0000000002c40a40 method=java.util.HashMap.getNode(ILjava/lang/Object;)Ljava/util/HashMap$Node; @ 62
Event: 8.450 Thread 0x0000000016d07800 Uncommon trap: reason=unstable_if action=reinterpret pc=0x0000000002c5d0f0 method=java.util.BitSet.nextSetBit(I)I @ 87
Event: 8.451 Thread 0x0000000016d07800 Uncommon trap: reason=unstable_if action=reinterpret pc=0x0000000002c94a34 method=java.util.BitSet.ensureCapacity(I)V @ 6
Event: 8.551 Thread 0x0000000016d06800 Uncommon trap: reason=class_check action=maybe_recompile pc=0x0000000002e317a8 method=com.android.dx.rop.type.Type.equals(Ljava/lang/Object;)Z @ 8
Event: 8.552 Thread 0x0000000016d06800 Uncommon trap: reason=null_check action=make_not_entrant pc=0x0000000002e317b8 method=com.android.dx.rop.type.Type.equals(Ljava/lang/Object;)Z @ 8

Internal exceptions (3 events):
Event: 1.291 Thread 0x0000000002930800 Exception <a 'java/lang/NoSuchMethodError': Method sun.misc.Unsafe.defineClass(Ljava/lang/String;[BII)Ljava/lang/Class; name or signature does not match> (0x00000000eab07cc0) thrown at [D:\re\workspace\8-2-build-windows-amd64-cygwin\jdk8u77\6540\hotspot\srr9°`p§ô?
Event: 1.291 Thread 0x0000000002930800 Exception <a 'java/lang/NoSuchMethodError': Method sun.misc.Unsafe.prefetchRead(Ljava/lang/Object;J)V name or signature does not match> (0x00000000eab07fa8) thrown at [D:\re\workspace\8-2-build-windows-amd64-cygwin\jdk8u77\6540\hotspot\src\share\vm\prims\j–¨±Dz!@
Event: 8.552 Thread 0x0000000016d06800 Implicit null exception at 0x0000000002e316a2 to 0x0000000002e317a9

Events (10 events):
Event: 8.451 Thread 0x0000000016d07800 DEOPT PACKING pc=0x0000000002c94a34 sp=0x000000001753e9a0
Event: 8.451 Thread 0x0000000016d07800 DEOPT UNPACKING pc=0x0000000002a7582a sp=0x000000001753e888 mode 2
Event: 8.453 Executing VM operation: ParallelGCFailedAllocation
Event: 8.538 Executing VM operation: ParallelGCFailedAllocation done
Event: 8.551 Thread 0x0000000016d06800 Uncommon trap: trap_request=0xffffffde fr.pc=0x0000000002e317a8
Event: 8.551 Thread 0x0000000016d06800 DEOPT PACKING pc=0x0000000002e317a8 sp=0x000000001743e520
Event: 8.551 Thread 0x0000000016d06800 DEOPT UNPACKING pc=0x0000000002a7582a sp=0x000000001743e4b8 mode 2
Event: 8.552 Thread 0x0000000016d06800 Uncommon trap: trap_request=0xfffffff4 fr.pc=0x0000000002e317b8
Event: 8.552 Thread 0x0000000016d06800 DEOPT PACKING pc=0x0000000002e317b8 sp=0x000000001743e4d0
Event: 8.552 Thread 0x0000000016d06800 DEOPT UNPACKING pc=0x0000000002a7582a sp=0x000000001743e468 mode 2


Dynamic libraries:
0x00007ff7a9df0000 - 0x00007ff7a9e27000 	C:\Program Files\Java\jdk1.8.0_77\bin\java.exe
0x00007ffd56840000 - 0x00007ffd56a02000 	C:\Windows\SYSTEM32\ntdll.dll
0x00007ffd54a90000 - 0x00007ffd54b3d000 	C:\Windows\system32\KERNEL32.DLL
0x00007ffd53700000 - 0x00007ffd538dd000 	C:\Windows\system32\KERNELBASE.dll
0x00007ffd55080000 - 0x00007ffd55126000 	C:\Windows\system32\ADVAPI32.dll
0x00007ffd54880000 - 0x00007ffd5491d000 	C:\Windows\system32\msvcrt.dll
0x00007ffd567a0000 - 0x00007ffd567fb000 	C:\Windows\system32\sechost.dll
0x00007ffd53f10000 - 0x00007ffd54036000 	C:\Windows\system32\RPCRT4.dll
0x00007ffd54bb0000 - 0x00007ffd54cfe000 	C:\Windows\system32\USER32.dll
0x00007ffd54040000 - 0x00007ffd541c5000 	C:\Windows\system32\GDI32.dll
0x00007ffd501f0000 - 0x00007ffd50464000 	C:\Windows\WinSxS\amd64_microsoft.windows.common-controls_6595b64144ccf1df_6.0.10240.16384_none_f41f7b285750ef43\COMCTL32.dll
0x00007ffd56800000 - 0x00007ffd56836000 	C:\Windows\system32\IMM32.DLL
0x00007ffd54650000 - 0x00007ffd547ac000 	C:\Windows\system32\MSCTF.dll
0x0000000061fc0000 - 0x0000000062092000 	C:\Program Files\Java\jdk1.8.0_77\jre\bin\msvcr100.dll
0x000000005fc10000 - 0x00000000604a0000 	C:\Program Files\Java\jdk1.8.0_77\jre\bin\server\jvm.dll
0x00007ffd56790000 - 0x00007ffd56798000 	C:\Windows\system32\PSAPI.DLL
0x00007ffd4cf00000 - 0x00007ffd4cf09000 	C:\Windows\SYSTEM32\WSOCK32.dll
0x00007ffd55130000 - 0x00007ffd55199000 	C:\Windows\system32\WS2_32.dll
0x00007ffd547b0000 - 0x00007ffd547b8000 	C:\Windows\system32\NSI.dll
0x00007ffd514f0000 - 0x00007ffd51513000 	C:\Windows\SYSTEM32\WINMM.dll
0x00007ffd50510000 - 0x00007ffd5051a000 	C:\Windows\SYSTEM32\VERSION.dll
0x00007ffd51390000 - 0x00007ffd513bc000 	C:\Windows\SYSTEM32\WINMMBASE.dll
0x00007ffd536b0000 - 0x00007ffd536f4000 	C:\Windows\system32\cfgmgr32.dll
0x00007ffd51be0000 - 0x00007ffd51c07000 	C:\Windows\SYSTEM32\DEVOBJ.dll
0x0000000061fb0000 - 0x0000000061fbf000 	C:\Program Files\Java\jdk1.8.0_77\jre\bin\verify.dll
0x0000000061f80000 - 0x0000000061fa9000 	C:\Program Files\Java\jdk1.8.0_77\jre\bin\java.dll
0x0000000061f60000 - 0x0000000061f76000 	C:\Program Files\Java\jdk1.8.0_77\jre\bin\zip.dll
0x00007ffd551a0000 - 0x00007ffd566c3000 	C:\Windows\system32\SHELL32.dll
0x00007ffd538e0000 - 0x00007ffd53f09000 	C:\Windows\system32\windows.storage.dll
0x00007ffd541d0000 - 0x00007ffd5444c000 	C:\Windows\system32\combase.dll
0x00007ffd547c0000 - 0x00007ffd54811000 	C:\Windows\system32\shlwapi.dll
0x00007ffd53270000 - 0x00007ffd5327f000 	C:\Windows\system32\kernel.appcore.dll
0x00007ffd533c0000 - 0x00007ffd53473000 	C:\Windows\system32\shcore.dll
0x00007ffd532c0000 - 0x00007ffd5330a000 	C:\Windows\system32\powrprof.dll
0x00007ffd532a0000 - 0x00007ffd532b3000 	C:\Windows\system32\profapi.dll

VM Arguments:
jvm_args: -Djava.awt.headless=true -Xmx1024M -Dfile.encoding=windows-1251 -Duser.country=RU -Duser.language=ru -Duser.variant 
java_command: com.android.dx.command.Main --dex --num-threads=4 --output C:\Users\Admin\Desktop\proekti_android_rabochay_papka\Random\Random\app\build\intermediates\pre-dexed\debug\com.android.support-support-v4-23.4.0_4a2889bfa4ff8fe5aff3254528794e248867dbae.jar C:\Users\Admin\Desktop\proekti_android_rabochay_papka\Random\Random\app\build\intermediates\exploded-aar\com.android.support\support-v4\23.4.0\jars\classes.jar
java_class_path (initial): C:\Users\Admin\Desktop\kod\sdk\build-tools\23.0.3\lib\dx.jar
Launcher Type: SUN_STANDARD

Environment Variables:
JAVA_HOME=C:\Program Files\Java\jdk1.7.0_79
PATH=C:\ProgramData\Oracle\Java\javapath;C:\Windows\system32;C:\Windows;C:\Windows\System32\Wbem;C:\Windows\System32\WindowsPowerShell\v1.0\;C:\Program Files (x86)\Skype\Phone\;C:\Program Files (x86)\NVIDIA Corporation\PhysX\Common
USERNAME=Admin
OS=Windows_NT
PROCESSOR_IDENTIFIER=Intel64 Family 6 Model 61 Stepping 4, GenuineIntel



---------------  S Y S T E M  ---------------

OS: Windows 10.0 , 64 bit Build 10240 (10.0.10240.16384)

CPU:total 4 (2 cores per cpu, 2 threads per core) family 6 model 61 stepping 4, cmov, cx8, fxsr, mmx, sse, sse2, sse3, ssse3, sse4.1, sse4.2, popcnt, avx, avx2, aes, clmul, erms, 3dnowpref, lzcnt, ht, tsc, tscinvbit, bmi1, bmi2, adx

Memory: 4k page, physical 8297972k(1299356k free), swap 8297972k(3124k free)

vm_info: Java HotSpot(TM) 64-Bit Server VM (25.77-b03) for windows-amd64 JRE (1.8.0_77-b03), built on Mar 20 2016 22:01:33 by "java_re" with MS VC++ 10.0 (VS2010)

time: Sun Aug 14 20:27:29 2016
elapsed time: 8 seconds (0d 0h 0m 8s)

