#
# There is insufficient memory for the Java Runtime Environment to continue.
# Native memory allocation (malloc) failed to allocate 2891856 bytes for Chunk::new
# Possible reasons:
#   The system is out of physical RAM or swap space
#   In 32 bit mode, the process size limit was hit
# Possible solutions:
#   Reduce memory load on the system
#   Increase physical memory or swap space
#   Check if swap backing store is full
#   Use 64 bit Java on a 64 bit OS
#   Decrease Java heap size (-Xmx/-Xms)
#   Decrease number of Java threads
#   Decrease Java thread stack sizes (-Xss)
#   Set larger code cache with -XX:ReservedCodeCacheSize=
# This output file may be truncated or incomplete.
#
#  Out of Memory Error (allocation.cpp:390), pid=1860, tid=3912
#
# JRE version: Java(TM) SE Runtime Environment (8.0_77-b03) (build 1.8.0_77-b03)
# Java VM: Java HotSpot(TM) 64-Bit Server VM (25.77-b03 mixed mode windows-amd64 compressed oops)
# Failed to write core dump. Minidumps are not enabled by default on client versions of Windows
#

---------------  T H R E A D  ---------------

Current thread (0x000000001554a000):  JavaThread "C2 CompilerThread0" daemon [_thread_in_native, id=3912, stack(0x0000000016bb0000,0x0000000016cb0000)]

Stack: [0x0000000016bb0000,0x0000000016cb0000]
[error occurred during error reporting (printing stack bounds), id 0xc0000005]

Native frames: (J=compiled Java code, j=interpreted, Vv=VM code, C=native code)


Current CompileTask:
C2:  11894 1737   !   4       com.android.dx.cf.code.Ropper::processBlock (1101 bytes)


---------------  P R O C E S S  ---------------

Java Threads: ( => current thread )
  0x0000000016eb2000 JavaThread "Service Thread" daemon [_thread_blocked, id=1792, stack(0x00000000172b0000,0x00000000173b0000)]
  0x00000000155aa800 JavaThread "C1 CompilerThread2" daemon [_thread_blocked, id=256, stack(0x0000000016db0000,0x0000000016eb0000)]
  0x000000001554d000 JavaThread "C2 CompilerThread1" daemon [_thread_in_native, id=4840, stack(0x0000000016cb0000,0x0000000016db0000)]
=>0x000000001554a000 JavaThread "C2 CompilerThread0" daemon [_thread_in_native, id=3912, stack(0x0000000016bb0000,0x0000000016cb0000)]
  0x0000000015548000 JavaThread "Attach Listener" daemon [_thread_blocked, id=5036, stack(0x0000000016ab0000,0x0000000016bb0000)]
  0x0000000015557000 JavaThread "Signal Dispatcher" daemon [_thread_blocked, id=4728, stack(0x00000000169b0000,0x0000000016ab0000)]
  0x000000001553a800 JavaThread "Finalizer" daemon [_thread_blocked, id=5500, stack(0x00000000167c0000,0x00000000168c0000)]
  0x0000000002e6f000 JavaThread "Reference Handler" daemon [_thread_blocked, id=288, stack(0x00000000166c0000,0x00000000167c0000)]
  0x0000000002d80800 JavaThread "main" [_thread_in_native, id=1560, stack(0x0000000002ab0000,0x0000000002bb0000)]

Other Threads:
  0x0000000015518000 VMThread [stack: 0x00000000165c0000,0x00000000166c0000] [id=268]
  0x0000000016eb7800 WatcherThread [stack: 0x00000000173b0000,0x00000000174b0000] [id=3056]

VM state:not at safepoint (normal execution)

VM Mutex/Monitor currently owned by a thread: None

Heap:
 PSYoungGen      total 149504K, used 74762K [0x00000000eab00000, 0x00000000f5500000, 0x0000000100000000)
  eden space 131072K, 44% used [0x00000000eab00000,0x00000000ee41dec0,0x00000000f2b00000)
  from space 18432K, 88% used [0x00000000f3f00000,0x00000000f4ee4a60,0x00000000f5100000)
  to   space 20480K, 0% used [0x00000000f2b00000,0x00000000f2b00000,0x00000000f3f00000)
 ParOldGen       total 87552K, used 26167K [0x00000000c0000000, 0x00000000c5580000, 0x00000000eab00000)
  object space 87552K, 29% used [0x00000000c0000000,0x00000000c198dc60,0x00000000c5580000)
 Metaspace       used 6533K, capacity 7224K, committed 7296K, reserved 1056768K
  class space    used 607K, capacity 624K, committed 640K, reserved 1048576K

Card table byte_map: [0x0000000012240000,0x0000000012450000] byte_map_base: 0x0000000011c40000

Marking Bits: (ParMarkBitMap*) 0x0000000060420600
 Begin Bits: [0x00000000129b0000, 0x00000000139b0000)
 End Bits:   [0x00000000139b0000, 0x00000000149b0000)

Polling page: 0x0000000001290000

CodeCache: size=245760Kb used=9546Kb max_used=9546Kb free=236213Kb
 bounds [0x0000000002e80000, 0x00000000037e0000, 0x0000000011e80000]
 total_blobs=2412 nmethods=2140 adapters=182
 compilation: enabled

Compilation events (10 events):
Event: 11.839 Thread 0x00000000155aa800 2214       2       com.android.dx.dex.file.AnnotationItem::itemType (4 bytes)
Event: 11.839 Thread 0x00000000155aa800 nmethod 2214 0x00000000037b2a10 code [0x00000000037b2b60, 0x00000000037b2cb0]
Event: 11.841 Thread 0x00000000155aa800 2215       1       com.android.dx.rop.cst.CstKnownNull::compareTo0 (2 bytes)
Event: 11.841 Thread 0x00000000155aa800 nmethod 2215 0x00000000037b2750 code [0x00000000037b28a0, 0x00000000037b29b0]
Event: 11.884 Thread 0x00000000155aa800 2216       2       com.android.dx.dex.file.AnnotationItem::compareTo0 (17 bytes)
Event: 11.884 Thread 0x00000000155aa800 nmethod 2216 0x00000000037b2310 code [0x00000000037b2480, 0x00000000037b2628]
Event: 11.887 Thread 0x00000000155aa800 2217       2       com.android.dx.dex.file.DebugInfoItem::addContents (1 bytes)
Event: 11.887 Thread 0x00000000155aa800 nmethod 2217 0x00000000037b0ad0 code [0x00000000037b0c20, 0x00000000037b0d70]
Event: 11.887 Thread 0x00000000155aa800 2218       2       com.android.dx.dex.file.AnnotationItem::addContents (27 bytes)
Event: 11.887 Thread 0x00000000155aa800 nmethod 2218 0x00000000037b0650 code [0x00000000037b07c0, 0x00000000037b0998]

GC Heap History (10 events):
Event: 4.538 GC heap before
{Heap before GC invocations=2 (full 0):
 PSYoungGen      total 38400K, used 38166K [0x00000000eab00000, 0x00000000ed580000, 0x0000000100000000)
  eden space 33280K, 100% used [0x00000000eab00000,0x00000000ecb80000,0x00000000ecb80000)
  from space 5120K, 95% used [0x00000000ecb80000,0x00000000ed045aa8,0x00000000ed080000)
  to   space 5120K, 0% used [0x00000000ed080000,0x00000000ed080000,0x00000000ed580000)
 ParOldGen       total 87552K, used 16K [0x00000000c0000000, 0x00000000c5580000, 0x00000000eab00000)
  object space 87552K, 0% used [0x00000000c0000000,0x00000000c0004000,0x00000000c5580000)
 Metaspace       used 6161K, capacity 7026K, committed 7296K, reserved 1056768K
  class space    used 599K, capacity 618K, committed 640K, reserved 1048576K
Event: 4.557 GC heap after
Heap after GC invocations=2 (full 0):
 PSYoungGen      total 38400K, used 5095K [0x00000000eab00000, 0x00000000ef600000, 0x0000000100000000)
  eden space 33280K, 0% used [0x00000000eab00000,0x00000000eab00000,0x00000000ecb80000)
  from space 5120K, 99% used [0x00000000ed080000,0x00000000ed579c98,0x00000000ed580000)
  to   space 5120K, 0% used [0x00000000ecb80000,0x00000000ecb80000,0x00000000ed080000)
 ParOldGen       total 87552K, used 2868K [0x00000000c0000000, 0x00000000c5580000, 0x00000000eab00000)
  object space 87552K, 3% used [0x00000000c0000000,0x00000000c02cd0a0,0x00000000c5580000)
 Metaspace       used 6161K, capacity 7026K, committed 7296K, reserved 1056768K
  class space    used 599K, capacity 618K, committed 640K, reserved 1048576K
}
Event: 5.387 GC heap before
{Heap before GC invocations=3 (full 0):
 PSYoungGen      total 38400K, used 38375K [0x00000000eab00000, 0x00000000ef600000, 0x0000000100000000)
  eden space 33280K, 100% used [0x00000000eab00000,0x00000000ecb80000,0x00000000ecb80000)
  from space 5120K, 99% used [0x00000000ed080000,0x00000000ed579c98,0x00000000ed580000)
  to   space 5120K, 0% used [0x00000000ecb80000,0x00000000ecb80000,0x00000000ed080000)
 ParOldGen       total 87552K, used 2868K [0x00000000c0000000, 0x00000000c5580000, 0x00000000eab00000)
  object space 87552K, 3% used [0x00000000c0000000,0x00000000c02cd0a0,0x00000000c5580000)
 Metaspace       used 6276K, capacity 7090K, committed 7296K, reserved 1056768K
  class space    used 599K, capacity 618K, committed 640K, reserved 1048576K
Event: 5.412 GC heap after
Heap after GC invocations=3 (full 0):
 PSYoungGen      total 38400K, used 5107K [0x00000000eab00000, 0x00000000ef600000, 0x0000000100000000)
  eden space 33280K, 0% used [0x00000000eab00000,0x00000000eab00000,0x00000000ecb80000)
  from space 5120K, 99% used [0x00000000ecb80000,0x00000000ed07ceb8,0x00000000ed080000)
  to   space 5120K, 0% used [0x00000000ef100000,0x00000000ef100000,0x00000000ef600000)
 ParOldGen       total 87552K, used 8376K [0x00000000c0000000, 0x00000000c5580000, 0x00000000eab00000)
  object space 87552K, 9% used [0x00000000c0000000,0x00000000c082e070,0x00000000c5580000)
 Metaspace       used 6276K, capacity 7090K, committed 7296K, reserved 1056768K
  class space    used 599K, capacity 618K, committed 640K, reserved 1048576K
}
Event: 5.907 GC heap before
{Heap before GC invocations=4 (full 0):
 PSYoungGen      total 38400K, used 38387K [0x00000000eab00000, 0x00000000ef600000, 0x0000000100000000)
  eden space 33280K, 100% used [0x00000000eab00000,0x00000000ecb80000,0x00000000ecb80000)
  from space 5120K, 99% used [0x00000000ecb80000,0x00000000ed07ceb8,0x00000000ed080000)
  to   space 5120K, 0% used [0x00000000ef100000,0x00000000ef100000,0x00000000ef600000)
 ParOldGen       total 87552K, used 8376K [0x00000000c0000000, 0x00000000c5580000, 0x00000000eab00000)
  object space 87552K, 9% used [0x00000000c0000000,0x00000000c082e070,0x00000000c5580000)
 Metaspace       used 6297K, capacity 7090K, committed 7296K, reserved 1056768K
  class space    used 599K, capacity 618K, committed 640K, reserved 1048576K
Event: 5.956 GC heap after
Heap after GC invocations=4 (full 0):
 PSYoungGen      total 71680K, used 5107K [0x00000000eab00000, 0x00000000ef600000, 0x0000000100000000)
  eden space 66560K, 0% used [0x00000000eab00000,0x00000000eab00000,0x00000000eec00000)
  from space 5120K, 99% used [0x00000000ef100000,0x00000000ef5fcea8,0x00000000ef600000)
  to   space 5120K, 0% used [0x00000000eec00000,0x00000000eec00000,0x00000000ef100000)
 ParOldGen       total 87552K, used 14192K [0x00000000c0000000, 0x00000000c5580000, 0x00000000eab00000)
  object space 87552K, 16% used [0x00000000c0000000,0x00000000c0ddc390,0x00000000c5580000)
 Metaspace       used 6297K, capacity 7090K, committed 7296K, reserved 1056768K
  class space    used 599K, capacity 618K, committed 640K, reserved 1048576K
}
Event: 7.131 GC heap before
{Heap before GC invocations=5 (full 0):
 PSYoungGen      total 71680K, used 71667K [0x00000000eab00000, 0x00000000ef600000, 0x0000000100000000)
  eden space 66560K, 100% used [0x00000000eab00000,0x00000000eec00000,0x00000000eec00000)
  from space 5120K, 99% used [0x00000000ef100000,0x00000000ef5fcea8,0x00000000ef600000)
  to   space 5120K, 0% used [0x00000000eec00000,0x00000000eec00000,0x00000000ef100000)
 ParOldGen       total 87552K, used 14192K [0x00000000c0000000, 0x00000000c5580000, 0x00000000eab00000)
  object space 87552K, 16% used [0x00000000c0000000,0x00000000c0ddc390,0x00000000c5580000)
 Metaspace       used 6415K, capacity 7154K, committed 7296K, reserved 1056768K
  class space    used 599K, capacity 618K, committed 640K, reserved 1048576K
Event: 7.304 GC heap after
Heap after GC invocations=5 (full 0):
 PSYoungGen      total 71680K, used 5107K [0x00000000eab00000, 0x00000000f5100000, 0x0000000100000000)
  eden space 66560K, 0% used [0x00000000eab00000,0x00000000eab00000,0x00000000eec00000)
  from space 5120K, 99% used [0x00000000eec00000,0x00000000ef0fcea8,0x00000000ef100000)
  to   space 18432K, 0% used [0x00000000f3f00000,0x00000000f3f00000,0x00000000f5100000)
 ParOldGen       total 87552K, used 26167K [0x00000000c0000000, 0x00000000c5580000, 0x00000000eab00000)
  object space 87552K, 29% used [0x00000000c0000000,0x00000000c198dc60,0x00000000c5580000)
 Metaspace       used 6415K, capacity 7154K, committed 7296K, reserved 1056768K
  class space    used 599K, capacity 618K, committed 640K, reserved 1048576K
}
Event: 8.975 GC heap before
{Heap before GC invocations=6 (full 0):
 PSYoungGen      total 71680K, used 71667K [0x00000000eab00000, 0x00000000f5100000, 0x0000000100000000)
  eden space 66560K, 100% used [0x00000000eab00000,0x00000000eec00000,0x00000000eec00000)
  from space 5120K, 99% used [0x00000000eec00000,0x00000000ef0fcea8,0x00000000ef100000)
  to   space 18432K, 0% used [0x00000000f3f00000,0x00000000f3f00000,0x00000000f5100000)
 ParOldGen       total 87552K, used 26167K [0x00000000c0000000, 0x00000000c5580000, 0x00000000eab00000)
  object space 87552K, 29% used [0x00000000c0000000,0x00000000c198dc60,0x00000000c5580000)
 Metaspace       used 6426K, capacity 7154K, committed 7296K, reserved 1056768K
  class space    used 599K, capacity 618K, committed 640K, reserved 1048576K
Event: 9.323 GC heap after
Heap after GC invocations=6 (full 0):
 PSYoungGen      total 149504K, used 16274K [0x00000000eab00000, 0x00000000f5500000, 0x0000000100000000)
  eden space 131072K, 0% used [0x00000000eab00000,0x00000000eab00000,0x00000000f2b00000)
  from space 18432K, 88% used [0x00000000f3f00000,0x00000000f4ee4a60,0x00000000f5100000)
  to   space 20480K, 0% used [0x00000000f2b00000,0x00000000f2b00000,0x00000000f3f00000)
 ParOldGen       total 87552K, used 26167K [0x00000000c0000000, 0x00000000c5580000, 0x00000000eab00000)
  object space 87552K, 29% used [0x00000000c0000000,0x00000000c198dc60,0x00000000c5580000)
 Metaspace       used 6426K, capacity 7154K, committed 7296K, reserved 1056768K
  class space    used 599K, capacity 618K, committed 640K, reserved 1048576K
}

Deoptimization events (10 events):
Event: 10.667 Thread 0x0000000002d80800 Uncommon trap: reason=class_check action=maybe_recompile pc=0x00000000033570c8 method=java.util.Arrays.hashCode([Ljava/lang/Object;)I @ 43
Event: 10.667 Thread 0x0000000002d80800 Uncommon trap: reason=class_check action=maybe_recompile pc=0x00000000033570c8 method=java.util.Arrays.hashCode([Ljava/lang/Object;)I @ 43
Event: 10.668 Thread 0x0000000002d80800 Uncommon trap: reason=class_check action=maybe_recompile pc=0x00000000033570c8 method=java.util.Arrays.hashCode([Ljava/lang/Object;)I @ 43
Event: 10.668 Thread 0x0000000002d80800 Uncommon trap: reason=class_check action=maybe_recompile pc=0x00000000033570c8 method=java.util.Arrays.hashCode([Ljava/lang/Object;)I @ 43
Event: 10.668 Thread 0x0000000002d80800 Uncommon trap: reason=class_check action=maybe_recompile pc=0x000000000330b634 method=java.util.Arrays.hashCode([Ljava/lang/Object;)I @ 43
Event: 10.689 Thread 0x0000000002d80800 Uncommon trap: reason=class_check action=maybe_recompile pc=0x000000000355549c method=java.util.HashMap.putVal(ILjava/lang/Object;Ljava/lang/Object;ZZ)Ljava/lang/Object; @ 203
Event: 10.690 Thread 0x0000000002d80800 Uncommon trap: reason=class_check action=maybe_recompile pc=0x000000000355549c method=java.util.HashMap.putVal(ILjava/lang/Object;Ljava/lang/Object;ZZ)Ljava/lang/Object; @ 203
Event: 10.691 Thread 0x0000000002d80800 Uncommon trap: reason=class_check action=maybe_recompile pc=0x000000000355549c method=java.util.HashMap.putVal(ILjava/lang/Object;Ljava/lang/Object;ZZ)Ljava/lang/Object; @ 203
Event: 10.691 Thread 0x0000000002d80800 Uncommon trap: reason=class_check action=maybe_recompile pc=0x000000000355549c method=java.util.HashMap.putVal(ILjava/lang/Object;Ljava/lang/Object;ZZ)Ljava/lang/Object; @ 203
Event: 11.508 Thread 0x0000000002d80800 Uncommon trap: reason=unstable_if action=reinterpret pc=0x00000000037b9ee0 method=java.util.HashMap.putVal(ILjava/lang/Object;Ljava/lang/Object;ZZ)Ljava/lang/Object; @ 94

Internal exceptions (4 events):
Event: 2.170 Thread 0x0000000002d80800 Exception <a 'java/lang/NoSuchMethodError': Method sun.misc.Unsafe.defineClass(Ljava/lang/String;[BII)Ljava/lang/Class; name or signature does not match> (0x00000000eab07cc0) thrown at [D:\re\workspace\8-2-build-windows-amd64-cygwin\jdk8u77\6540\hotspot\sr……X\@
Event: 2.170 Thread 0x0000000002d80800 Exception <a 'java/lang/NoSuchMethodError': Method sun.misc.Unsafe.prefetchRead(Ljava/lang/Object;J)V name or signature does not match> (0x00000000eab07fa8) thrown at [D:\re\workspace\8-2-build-windows-amd64-cygwin\jdk8u77\6540\hotspot\src\share\vm\prims\jnÿU¬õ@
Event: 4.740 Thread 0x000000001714f800 Implicit null exception at 0x00000000031427a2 to 0x000000000314289a
Event: 8.375 Thread 0x000000001713a800 Implicit null exception at 0x000000000334389b to 0x0000000003344a31

Events (10 events):
Event: 11.049 loading class com/android/dx/dex/file/CatchStructs done
Event: 11.065 Thread 0x0000000002d80800 DEOPT PACKING pc=0x00000000037a5354 sp=0x0000000002baf050
Event: 11.065 Thread 0x0000000002d80800 DEOPT UNPACKING pc=0x0000000002ec787f sp=0x0000000002baede0 mode 0
Event: 11.165 Thread 0x0000000002d80800 DEOPT PACKING pc=0x00000000037a6044 sp=0x0000000002baf080
Event: 11.165 Thread 0x0000000002d80800 DEOPT UNPACKING pc=0x0000000002ec787f sp=0x0000000002baedd0 mode 0
Event: 11.508 Thread 0x0000000002d80800 Uncommon trap: trap_request=0xffffff65 fr.pc=0x00000000037b9ee0
Event: 11.508 Thread 0x0000000002d80800 DEOPT PACKING pc=0x00000000037b9ee0 sp=0x0000000002baef50
Event: 11.508 Thread 0x0000000002d80800 DEOPT UNPACKING pc=0x0000000002ec582a sp=0x0000000002baee78 mode 2
Event: 11.522 Thread 0x0000000002d80800 DEOPT PACKING pc=0x00000000037a38b5 sp=0x0000000002baefd0
Event: 11.522 Thread 0x0000000002d80800 DEOPT UNPACKING pc=0x0000000002ec787f sp=0x0000000002baed18 mode 0


Dynamic libraries:
0x00007ff7a9df0000 - 0x00007ff7a9e27000 	C:\Program Files\Java\jdk1.8.0_77\bin\java.exe
0x00007ffd56840000 - 0x00007ffd56a02000 	C:\Windows\SYSTEM32\ntdll.dll
0x00007ffd54a90000 - 0x00007ffd54b3d000 	C:\Windows\system32\KERNEL32.DLL
0x00007ffd53700000 - 0x00007ffd538dd000 	C:\Windows\system32\KERNELBASE.dll
0x00007ffd55080000 - 0x00007ffd55126000 	C:\Windows\system32\ADVAPI32.dll
0x00007ffd54880000 - 0x00007ffd5491d000 	C:\Windows\system32\msvcrt.dll
0x00007ffd567a0000 - 0x00007ffd567fb000 	C:\Windows\system32\sechost.dll
0x00007ffd53f10000 - 0x00007ffd54036000 	C:\Windows\system32\RPCRT4.dll
0x00007ffd54bb0000 - 0x00007ffd54cfe000 	C:\Windows\system32\USER32.dll
0x00007ffd54040000 - 0x00007ffd541c5000 	C:\Windows\system32\GDI32.dll
0x00007ffd501f0000 - 0x00007ffd50464000 	C:\Windows\WinSxS\amd64_microsoft.windows.common-controls_6595b64144ccf1df_6.0.10240.16384_none_f41f7b285750ef43\COMCTL32.dll
0x00007ffd56800000 - 0x00007ffd56836000 	C:\Windows\system32\IMM32.DLL
0x00007ffd54650000 - 0x00007ffd547ac000 	C:\Windows\system32\MSCTF.dll
0x0000000061fc0000 - 0x0000000062092000 	C:\Program Files\Java\jdk1.8.0_77\jre\bin\msvcr100.dll
0x000000005fc10000 - 0x00000000604a0000 	C:\Program Files\Java\jdk1.8.0_77\jre\bin\server\jvm.dll
0x00007ffd56790000 - 0x00007ffd56798000 	C:\Windows\system32\PSAPI.DLL
0x00007ffd4cf00000 - 0x00007ffd4cf09000 	C:\Windows\SYSTEM32\WSOCK32.dll
0x00007ffd55130000 - 0x00007ffd55199000 	C:\Windows\system32\WS2_32.dll
0x00007ffd547b0000 - 0x00007ffd547b8000 	C:\Windows\system32\NSI.dll
0x00007ffd514f0000 - 0x00007ffd51513000 	C:\Windows\SYSTEM32\WINMM.dll
0x00007ffd50510000 - 0x00007ffd5051a000 	C:\Windows\SYSTEM32\VERSION.dll
0x00007ffd51390000 - 0x00007ffd513bc000 	C:\Windows\SYSTEM32\WINMMBASE.dll
0x00007ffd536b0000 - 0x00007ffd536f4000 	C:\Windows\system32\cfgmgr32.dll
0x00007ffd51be0000 - 0x00007ffd51c07000 	C:\Windows\SYSTEM32\DEVOBJ.dll
0x0000000061fb0000 - 0x0000000061fbf000 	C:\Program Files\Java\jdk1.8.0_77\jre\bin\verify.dll
0x0000000061f80000 - 0x0000000061fa9000 	C:\Program Files\Java\jdk1.8.0_77\jre\bin\java.dll
0x0000000061f60000 - 0x0000000061f76000 	C:\Program Files\Java\jdk1.8.0_77\jre\bin\zip.dll
0x00007ffd551a0000 - 0x00007ffd566c3000 	C:\Windows\system32\SHELL32.dll
0x00007ffd538e0000 - 0x00007ffd53f09000 	C:\Windows\system32\windows.storage.dll
0x00007ffd541d0000 - 0x00007ffd5444c000 	C:\Windows\system32\combase.dll
0x00007ffd547c0000 - 0x00007ffd54811000 	C:\Windows\system32\shlwapi.dll
0x00007ffd53270000 - 0x00007ffd5327f000 	C:\Windows\system32\kernel.appcore.dll
0x00007ffd533c0000 - 0x00007ffd53473000 	C:\Windows\system32\shcore.dll
0x00007ffd532c0000 - 0x00007ffd5330a000 	C:\Windows\system32\powrprof.dll
0x00007ffd532a0000 - 0x00007ffd532b3000 	C:\Windows\system32\profapi.dll

VM Arguments:
jvm_args: -Djava.awt.headless=true -Xmx1024M -Dfile.encoding=windows-1251 -Duser.country=RU -Duser.language=ru -Duser.variant 
java_command: com.android.dx.command.Main --dex --num-threads=4 --output C:\Users\Admin\Desktop\proekti_android_rabochay_papka\Random\Random\app\build\intermediates\pre-dexed\debug\com.google.android.gms-play-services-basement-8.1.0_b93ed92dcc91035f5b0724cd3fe2d00add939724.jar C:\Users\Admin\Desktop\proekti_android_rabochay_papka\Random\Random\app\build\intermediates\exploded-aar\com.google.android.gms\play-services-basement\8.1.0\jars\classes.jar
java_class_path (initial): C:\Users\Admin\Desktop\kod\sdk\build-tools\23.0.3\lib\dx.jar
Launcher Type: SUN_STANDARD

Environment Variables:
JAVA_HOME=C:\Program Files\Java\jdk1.7.0_79
PATH=C:\ProgramData\Oracle\Java\javapath;C:\Windows\system32;C:\Windows;C:\Windows\System32\Wbem;C:\Windows\System32\WindowsPowerShell\v1.0\;C:\Program Files (x86)\Skype\Phone\;C:\Program Files (x86)\NVIDIA Corporation\PhysX\Common
USERNAME=Admin
OS=Windows_NT
PROCESSOR_IDENTIFIER=Intel64 Family 6 Model 61 Stepping 4, GenuineIntel



---------------  S Y S T E M  ---------------

OS: Windows 10.0 , 64 bit Build 10240 (10.0.10240.16384)

CPU:total 4 (2 cores per cpu, 2 threads per core) family 6 model 61 stepping 4, cmov, cx8, fxsr, mmx, sse, sse2, sse3, ssse3, sse4.1, sse4.2, popcnt, avx, avx2, aes, clmul, erms, 3dnowpref, lzcnt, ht, tsc, tscinvbit, bmi1, bmi2, adx

Memory: 4k page, physical 8297972k(1305068k free), swap 8297972k(10628k free)

vm_info: Java HotSpot(TM) 64-Bit Server VM (25.77-b03) for windows-amd64 JRE (1.8.0_77-b03), built on Mar 20 2016 22:01:33 by "java_re" with MS VC++ 10.0 (VS2010)

time: Sun Aug 14 20:27:29 2016
elapsed time: 11 seconds (0d 0h 0m 11s)

